[INFO ] [restartedMain] [06122023 19:15:53] [org.springframework.boot.devtools.env.DevToolsPropertyDefaultsPostProcessor[255]] Devtools property defaults active! Set 'spring.devtools.add-properties' to 'false' to disable 
[INFO ] [restartedMain] [06122023 19:15:53] [org.springframework.boot.devtools.env.DevToolsPropertyDefaultsPostProcessor[255]] For additional web related logging consider setting the 'logging.level.web' property to 'DEBUG' 
[INFO ] [restartedMain] [06122023 19:15:54] [org.springframework.data.repository.config.RepositoryConfigurationDelegate[132]] Bootstrapping Spring Data JPA repositories in DEFAULT mode. 
[INFO ] [restartedMain] [06122023 19:15:54] [org.springframework.data.repository.config.RepositoryConfigurationDelegate[201]] Finished Spring Data repository scanning in 88 ms. Found 18 JPA repository interfaces. 
[INFO ] [restartedMain] [06122023 19:15:55] [org.springframework.boot.web.embedded.tomcat.TomcatWebServer[108]] Tomcat initialized with port(s): 8082 (http) 
[INFO ] [restartedMain] [06122023 19:15:56] [org.springframework.boot.web.servlet.context.ServletWebServerApplicationContext[292]] Root WebApplicationContext: initialization completed in 2098 ms 
[INFO ] [restartedMain] [06122023 19:15:57] [org.springframework.orm.jpa.LocalContainerEntityManagerFactoryBean[437]] Initialized JPA EntityManagerFactory for persistence unit 'blockbusterp' 
[WARN ] [restartedMain] [06122023 19:15:58] [org.springframework.boot.autoconfigure.orm.jpa.JpaBaseConfiguration$JpaWebConfiguration[223]] spring.jpa.open-in-view is enabled by default. Therefore, database queries may be performed during view rendering. Explicitly configure spring.jpa.open-in-view to disable this warning 
[INFO ] [restartedMain] [06122023 19:15:58] [org.springframework.security.web.DefaultSecurityFilterChain[55]] Will secure any request with [org.springframework.security.web.session.DisableEncodeUrlFilter@486ea6cc, org.springframework.security.web.context.request.async.WebAsyncManagerIntegrationFilter@2d9eb19f, org.springframework.security.web.context.SecurityContextPersistenceFilter@2d7f845, org.springframework.security.web.header.HeaderWriterFilter@c49e4c9, org.springframework.security.web.authentication.logout.LogoutFilter@73067da0, com.example.modeladov1.security.JWTAuthorizationFilter@441e9a4, com.example.modeladov1.security.JWTAuthenticationFilter@1b6c71d, org.springframework.security.web.authentication.www.BasicAuthenticationFilter@3c8b23d5, org.springframework.security.web.savedrequest.RequestCacheAwareFilter@1caf2511, org.springframework.security.web.servletapi.SecurityContextHolderAwareRequestFilter@4d880e4a, org.springframework.security.web.authentication.AnonymousAuthenticationFilter@14a677c8, org.springframework.security.web.session.SessionManagementFilter@213973cb, org.springframework.security.web.access.ExceptionTranslationFilter@8cd42d6, org.springframework.security.web.access.intercept.FilterSecurityInterceptor@4acfb579] 
[INFO ] [restartedMain] [06122023 19:15:59] [org.springframework.boot.devtools.autoconfigure.OptionalLiveReloadServer[59]] LiveReload server is running on port 35729 
[INFO ] [restartedMain] [06122023 19:15:59] [org.springframework.boot.web.embedded.tomcat.TomcatWebServer[220]] Tomcat started on port(s): 8082 (http) with context path '/blockbuster-wsp' 
[INFO ] [SpringApplicationShutdownHook] [06122023 19:16:06] [org.springframework.orm.jpa.LocalContainerEntityManagerFactoryBean[651]] Closing JPA EntityManagerFactory for persistence unit 'blockbusterp' 
[INFO ] [restartedMain] [06122023 19:16:11] [org.springframework.boot.devtools.env.DevToolsPropertyDefaultsPostProcessor[255]] Devtools property defaults active! Set 'spring.devtools.add-properties' to 'false' to disable 
[INFO ] [restartedMain] [06122023 19:16:11] [org.springframework.boot.devtools.env.DevToolsPropertyDefaultsPostProcessor[255]] For additional web related logging consider setting the 'logging.level.web' property to 'DEBUG' 
[INFO ] [restartedMain] [06122023 19:16:12] [org.springframework.data.repository.config.RepositoryConfigurationDelegate[132]] Bootstrapping Spring Data JPA repositories in DEFAULT mode. 
[INFO ] [restartedMain] [06122023 19:16:13] [org.springframework.data.repository.config.RepositoryConfigurationDelegate[201]] Finished Spring Data repository scanning in 114 ms. Found 18 JPA repository interfaces. 
[INFO ] [restartedMain] [06122023 19:16:14] [org.springframework.boot.web.embedded.tomcat.TomcatWebServer[108]] Tomcat initialized with port(s): 8082 (http) 
[INFO ] [restartedMain] [06122023 19:16:14] [org.springframework.boot.web.servlet.context.ServletWebServerApplicationContext[292]] Root WebApplicationContext: initialization completed in 3106 ms 
[INFO ] [restartedMain] [06122023 19:16:18] [org.springframework.orm.jpa.LocalContainerEntityManagerFactoryBean[437]] Initialized JPA EntityManagerFactory for persistence unit 'blockbusterp' 
[WARN ] [restartedMain] [06122023 19:16:19] [org.springframework.boot.autoconfigure.orm.jpa.JpaBaseConfiguration$JpaWebConfiguration[223]] spring.jpa.open-in-view is enabled by default. Therefore, database queries may be performed during view rendering. Explicitly configure spring.jpa.open-in-view to disable this warning 
[INFO ] [restartedMain] [06122023 19:16:20] [org.springframework.security.web.DefaultSecurityFilterChain[55]] Will secure any request with [org.springframework.security.web.session.DisableEncodeUrlFilter@2dec9284, org.springframework.security.web.context.request.async.WebAsyncManagerIntegrationFilter@388e6bb, org.springframework.security.web.context.SecurityContextPersistenceFilter@60f78406, org.springframework.security.web.header.HeaderWriterFilter@7a631b29, org.springframework.security.web.authentication.logout.LogoutFilter@5ea80b06, com.example.modeladov1.security.JWTAuthorizationFilter@3cd7eaad, com.example.modeladov1.security.JWTAuthenticationFilter@290b24de, org.springframework.security.web.authentication.www.BasicAuthenticationFilter@35537339, org.springframework.security.web.savedrequest.RequestCacheAwareFilter@363b5411, org.springframework.security.web.servletapi.SecurityContextHolderAwareRequestFilter@2cf81735, org.springframework.security.web.authentication.AnonymousAuthenticationFilter@183c020f, org.springframework.security.web.session.SessionManagementFilter@7703cf93, org.springframework.security.web.access.ExceptionTranslationFilter@6e0e375e, org.springframework.security.web.access.intercept.FilterSecurityInterceptor@4ec07c13] 
[INFO ] [restartedMain] [06122023 19:16:20] [org.springframework.boot.devtools.autoconfigure.OptionalLiveReloadServer[59]] LiveReload server is running on port 35729 
[INFO ] [restartedMain] [06122023 19:16:21] [org.springframework.boot.web.embedded.tomcat.TomcatWebServer[220]] Tomcat started on port(s): 8082 (http) with context path '/blockbuster-wsp' 
[INFO ] [http-nio-8082-exec-1] [06122023 19:16:23] [org.springframework.web.servlet.DispatcherServlet[525]] Initializing Servlet 'dispatcherServlet' 
[INFO ] [http-nio-8082-exec-1] [06122023 19:16:23] [org.springframework.web.servlet.DispatcherServlet[547]] Completed initialization in 2 ms 
[INFO ] [http-nio-8082-exec-1] [06122023 19:16:24] [com.example.modeladov1.security.JWTAuthenticationFilter[47]] eyJhbGciOiJIUzI1NiJ9.eyJzdWIiOiJhZG1pbkBleGFtcGxlLmNvbSIsImV4cCI6MTcwNDUwMzc4NCwicm9sZXMiOlsiUk9MRV9BRE1JTiJdLCJub21icmUiOiJBZG1pbiJ9.QAZxcb_jDESuhCkxqfomsG8P6j5b4QexTRUf7Xae53E 
[ERROR] [http-nio-8082-exec-4] [06122023 19:16:43] [org.apache.catalina.core.ContainerBase.[Tomcat].[localhost].[/blockbuster-wsp].[dispatcherServlet][175]] Servlet.service() for servlet [dispatcherServlet] in context with path [/blockbuster-wsp] threw exception [Request processing failed; nested exception is java.util.NoSuchElementException: No se encontro el usuario con la id: 2000] with root cause 
java.util.NoSuchElementException: No se encontro el usuario con la id: 2000
	at com.example.modeladov1.service.UsuarioService.getOne(UsuarioService.java:42)
	at com.example.modeladov1.controller.UsuarioController.getOne(UsuarioController.java:30)
	at java.base/jdk.internal.reflect.DirectMethodHandleAccessor.invoke(DirectMethodHandleAccessor.java:103)
	at java.base/java.lang.reflect.Method.invoke(Method.java:580)
	at org.springframework.web.method.support.InvocableHandlerMethod.doInvoke(InvocableHandlerMethod.java:205)
	at org.springframework.web.method.support.InvocableHandlerMethod.invokeForRequest(InvocableHandlerMethod.java:150)
	at org.springframework.web.servlet.mvc.method.annotation.ServletInvocableHandlerMethod.invokeAndHandle(ServletInvocableHandlerMethod.java:117)
	at org.springframework.web.servlet.mvc.method.annotation.RequestMappingHandlerAdapter.invokeHandlerMethod(RequestMappingHandlerAdapter.java:895)
	at org.springframework.web.servlet.mvc.method.annotation.RequestMappingHandlerAdapter.handleInternal(RequestMappingHandlerAdapter.java:808)
	at org.springframework.web.servlet.mvc.method.AbstractHandlerMethodAdapter.handle(AbstractHandlerMethodAdapter.java:87)
	at org.springframework.web.servlet.DispatcherServlet.doDispatch(DispatcherServlet.java:1072)
	at org.springframework.web.servlet.DispatcherServlet.doService(DispatcherServlet.java:965)
	at org.springframework.web.servlet.FrameworkServlet.processRequest(FrameworkServlet.java:1006)
	at org.springframework.web.servlet.FrameworkServlet.doGet(FrameworkServlet.java:898)
	at javax.servlet.http.HttpServlet.service(HttpServlet.java:529)
	at org.springframework.web.servlet.FrameworkServlet.service(FrameworkServlet.java:883)
	at javax.servlet.http.HttpServlet.service(HttpServlet.java:623)
	at org.apache.catalina.core.ApplicationFilterChain.internalDoFilter(ApplicationFilterChain.java:209)
	at org.apache.catalina.core.ApplicationFilterChain.doFilter(ApplicationFilterChain.java:153)
	at org.apache.tomcat.websocket.server.WsFilter.doFilter(WsFilter.java:51)
	at org.apache.catalina.core.ApplicationFilterChain.internalDoFilter(ApplicationFilterChain.java:178)
	at org.apache.catalina.core.ApplicationFilterChain.doFilter(ApplicationFilterChain.java:153)
	at org.springframework.web.filter.OncePerRequestFilter.doFilter(OncePerRequestFilter.java:111)
	at org.apache.catalina.core.ApplicationFilterChain.internalDoFilter(ApplicationFilterChain.java:178)
	at org.apache.catalina.core.ApplicationFilterChain.doFilter(ApplicationFilterChain.java:153)
	at org.springframework.security.web.FilterChainProxy$VirtualFilterChain.doFilter(FilterChainProxy.java:337)
	at org.springframework.security.web.access.intercept.FilterSecurityInterceptor.invoke(FilterSecurityInterceptor.java:115)
	at org.springframework.security.web.access.intercept.FilterSecurityInterceptor.doFilter(FilterSecurityInterceptor.java:81)
	at org.springframework.security.web.FilterChainProxy$VirtualFilterChain.doFilter(FilterChainProxy.java:346)
	at org.springframework.security.web.access.ExceptionTranslationFilter.doFilter(ExceptionTranslationFilter.java:122)
	at org.springframework.security.web.access.ExceptionTranslationFilter.doFilter(ExceptionTranslationFilter.java:116)
	at org.springframework.security.web.FilterChainProxy$VirtualFilterChain.doFilter(FilterChainProxy.java:346)
	at org.springframework.security.web.session.SessionManagementFilter.doFilter(SessionManagementFilter.java:126)
	at org.springframework.security.web.session.SessionManagementFilter.doFilter(SessionManagementFilter.java:81)
	at org.springframework.security.web.FilterChainProxy$VirtualFilterChain.doFilter(FilterChainProxy.java:346)
	at org.springframework.security.web.authentication.AnonymousAuthenticationFilter.doFilter(AnonymousAuthenticationFilter.java:109)
	at org.springframework.security.web.FilterChainProxy$VirtualFilterChain.doFilter(FilterChainProxy.java:346)
	at org.springframework.security.web.servletapi.SecurityContextHolderAwareRequestFilter.doFilter(SecurityContextHolderAwareRequestFilter.java:149)
	at org.springframework.security.web.FilterChainProxy$VirtualFilterChain.doFilter(FilterChainProxy.java:346)
	at org.springframework.security.web.savedrequest.RequestCacheAwareFilter.doFilter(RequestCacheAwareFilter.java:63)
	at org.springframework.security.web.FilterChainProxy$VirtualFilterChain.doFilter(FilterChainProxy.java:346)
	at org.springframework.security.web.authentication.www.BasicAuthenticationFilter.doFilterInternal(BasicAuthenticationFilter.java:196)
	at org.springframework.web.filter.OncePerRequestFilter.doFilter(OncePerRequestFilter.java:117)
	at org.springframework.security.web.FilterChainProxy$VirtualFilterChain.doFilter(FilterChainProxy.java:346)
	at org.springframework.security.web.authentication.AbstractAuthenticationProcessingFilter.doFilter(AbstractAuthenticationProcessingFilter.java:223)
	at org.springframework.security.web.authentication.AbstractAuthenticationProcessingFilter.doFilter(AbstractAuthenticationProcessingFilter.java:217)
	at org.springframework.security.web.FilterChainProxy$VirtualFilterChain.doFilter(FilterChainProxy.java:346)
	at com.example.modeladov1.security.JWTAuthorizationFilter.doFilterInternal(JWTAuthorizationFilter.java:26)
	at org.springframework.web.filter.OncePerRequestFilter.doFilter(OncePerRequestFilter.java:117)
	at org.springframework.security.web.FilterChainProxy$VirtualFilterChain.doFilter(FilterChainProxy.java:346)
	at org.springframework.security.web.authentication.logout.LogoutFilter.doFilter(LogoutFilter.java:103)
	at org.springframework.security.web.authentication.logout.LogoutFilter.doFilter(LogoutFilter.java:89)
	at org.springframework.security.web.FilterChainProxy$VirtualFilterChain.doFilter(FilterChainProxy.java:346)
	at org.springframework.security.web.header.HeaderWriterFilter.doHeadersAfter(HeaderWriterFilter.java:90)
	at org.springframework.security.web.header.HeaderWriterFilter.doFilterInternal(HeaderWriterFilter.java:75)
	at org.springframework.web.filter.OncePerRequestFilter.doFilter(OncePerRequestFilter.java:117)
	at org.springframework.security.web.FilterChainProxy$VirtualFilterChain.doFilter(FilterChainProxy.java:346)
	at org.springframework.security.web.context.SecurityContextPersistenceFilter.doFilter(SecurityContextPersistenceFilter.java:112)
	at org.springframework.security.web.context.SecurityContextPersistenceFilter.doFilter(SecurityContextPersistenceFilter.java:82)
	at org.springframework.security.web.FilterChainProxy$VirtualFilterChain.doFilter(FilterChainProxy.java:346)
	at org.springframework.security.web.context.request.async.WebAsyncManagerIntegrationFilter.doFilterInternal(WebAsyncManagerIntegrationFilter.java:55)
	at org.springframework.web.filter.OncePerRequestFilter.doFilter(OncePerRequestFilter.java:117)
	at org.springframework.security.web.FilterChainProxy$VirtualFilterChain.doFilter(FilterChainProxy.java:346)
	at org.springframework.security.web.session.DisableEncodeUrlFilter.doFilterInternal(DisableEncodeUrlFilter.java:42)
	at org.springframework.web.filter.OncePerRequestFilter.doFilter(OncePerRequestFilter.java:117)
	at org.springframework.security.web.FilterChainProxy$VirtualFilterChain.doFilter(FilterChainProxy.java:346)
	at org.springframework.security.web.FilterChainProxy.doFilterInternal(FilterChainProxy.java:221)
	at org.springframework.security.web.FilterChainProxy.doFilter(FilterChainProxy.java:186)
	at org.springframework.web.filter.DelegatingFilterProxy.invokeDelegate(DelegatingFilterProxy.java:354)
	at org.springframework.web.filter.DelegatingFilterProxy.doFilter(DelegatingFilterProxy.java:267)
	at org.apache.catalina.core.ApplicationFilterChain.internalDoFilter(ApplicationFilterChain.java:178)
	at org.apache.catalina.core.ApplicationFilterChain.doFilter(ApplicationFilterChain.java:153)
	at org.springframework.web.filter.RequestContextFilter.doFilterInternal(RequestContextFilter.java:100)
	at org.springframework.web.filter.OncePerRequestFilter.doFilter(OncePerRequestFilter.java:117)
	at org.apache.catalina.core.ApplicationFilterChain.internalDoFilter(ApplicationFilterChain.java:178)
	at org.apache.catalina.core.ApplicationFilterChain.doFilter(ApplicationFilterChain.java:153)
	at org.springframework.web.filter.FormContentFilter.doFilterInternal(FormContentFilter.java:93)
	at org.springframework.web.filter.OncePerRequestFilter.doFilter(OncePerRequestFilter.java:117)
	at org.apache.catalina.core.ApplicationFilterChain.internalDoFilter(ApplicationFilterChain.java:178)
	at org.apache.catalina.core.ApplicationFilterChain.doFilter(ApplicationFilterChain.java:153)
	at org.springframework.web.filter.CharacterEncodingFilter.doFilterInternal(CharacterEncodingFilter.java:201)
	at org.springframework.web.filter.OncePerRequestFilter.doFilter(OncePerRequestFilter.java:117)
	at org.apache.catalina.core.ApplicationFilterChain.internalDoFilter(ApplicationFilterChain.java:178)
	at org.apache.catalina.core.ApplicationFilterChain.doFilter(ApplicationFilterChain.java:153)
	at org.apache.catalina.core.StandardWrapperValve.invoke(StandardWrapperValve.java:168)
	at org.apache.catalina.core.StandardContextValve.invoke(StandardContextValve.java:90)
	at org.apache.catalina.authenticator.AuthenticatorBase.invoke(AuthenticatorBase.java:481)
	at org.apache.catalina.core.StandardHostValve.invoke(StandardHostValve.java:130)
	at org.apache.catalina.valves.ErrorReportValve.invoke(ErrorReportValve.java:93)
	at org.apache.catalina.core.StandardEngineValve.invoke(StandardEngineValve.java:74)
	at org.apache.catalina.connector.CoyoteAdapter.service(CoyoteAdapter.java:343)
	at org.apache.coyote.http11.Http11Processor.service(Http11Processor.java:390)
	at org.apache.coyote.AbstractProcessorLight.process(AbstractProcessorLight.java:63)
	at org.apache.coyote.AbstractProtocol$ConnectionHandler.process(AbstractProtocol.java:926)
	at org.apache.tomcat.util.net.NioEndpoint$SocketProcessor.doRun(NioEndpoint.java:1790)
	at org.apache.tomcat.util.net.SocketProcessorBase.run(SocketProcessorBase.java:52)
	at org.apache.tomcat.util.threads.ThreadPoolExecutor.runWorker(ThreadPoolExecutor.java:1191)
	at org.apache.tomcat.util.threads.ThreadPoolExecutor$Worker.run(ThreadPoolExecutor.java:659)
	at org.apache.tomcat.util.threads.TaskThread$WrappingRunnable.run(TaskThread.java:61)
	at java.base/java.lang.Thread.run(Thread.java:1583)
[INFO ] [File Watcher] [06122023 19:17:46] [org.springframework.boot.devtools.autoconfigure.LocalDevToolsAutoConfiguration$RestartingClassPathChangeChangedEventListener[211]] Restarting due to 2 class path changes (0 additions, 1 deletion, 1 modification) 
[INFO ] [Thread-4] [06122023 19:17:46] [org.springframework.orm.jpa.LocalContainerEntityManagerFactoryBean[651]] Closing JPA EntityManagerFactory for persistence unit 'blockbusterp' 
[INFO ] [restartedMain] [06122023 19:17:47] [org.springframework.data.repository.config.RepositoryConfigurationDelegate[132]] Bootstrapping Spring Data JPA repositories in DEFAULT mode. 
[INFO ] [restartedMain] [06122023 19:17:47] [org.springframework.data.repository.config.RepositoryConfigurationDelegate[201]] Finished Spring Data repository scanning in 79 ms. Found 18 JPA repository interfaces. 
[INFO ] [restartedMain] [06122023 19:17:47] [org.springframework.boot.web.embedded.tomcat.TomcatWebServer[108]] Tomcat initialized with port(s): 8082 (http) 
[INFO ] [restartedMain] [06122023 19:17:48] [org.springframework.boot.web.servlet.context.ServletWebServerApplicationContext[292]] Root WebApplicationContext: initialization completed in 1398 ms 
[INFO ] [restartedMain] [06122023 19:17:48] [org.springframework.orm.jpa.LocalContainerEntityManagerFactoryBean[437]] Initialized JPA EntityManagerFactory for persistence unit 'blockbusterp' 
[WARN ] [restartedMain] [06122023 19:17:48] [org.springframework.boot.web.servlet.context.AnnotationConfigServletWebServerApplicationContext[591]] Exception encountered during context initialization - cancelling refresh attempt: org.springframework.beans.factory.UnsatisfiedDependencyException: Error creating bean with name 'notificacionesPedidoController': Unsatisfied dependency expressed through field 'ser'; nested exception is org.springframework.beans.factory.BeanCreationException: Error creating bean with name 'notificacionesPedidoService' defined in file [C:\Users\COMPUTOCKS\IdeaProjects\blockbuster_sprintBoot\target\classes\com\example\modeladov1\service\NotificacionesPedidoService.class]: Post-processing of merged bean definition failed; nested exception is java.lang.IllegalStateException: Failed to introspect Class [com.example.modeladov1.service.NotificacionesPedidoService] from ClassLoader [org.springframework.boot.devtools.restart.classloader.RestartClassLoader@5c339de0] 
[INFO ] [restartedMain] [06122023 19:17:48] [org.springframework.orm.jpa.LocalContainerEntityManagerFactoryBean[651]] Closing JPA EntityManagerFactory for persistence unit 'blockbusterp' 
[INFO ] [restartedMain] [06122023 19:17:48] [org.springframework.boot.autoconfigure.logging.ConditionEvaluationReportLoggingListener[136]] 

Error starting ApplicationContext. To display the conditions report re-run your application with 'debug' enabled. 
[ERROR] [restartedMain] [06122023 19:17:48] [org.springframework.boot.SpringApplication[821]] Application run failed 
org.springframework.beans.factory.UnsatisfiedDependencyException: Error creating bean with name 'notificacionesPedidoController': Unsatisfied dependency expressed through field 'ser'; nested exception is org.springframework.beans.factory.BeanCreationException: Error creating bean with name 'notificacionesPedidoService' defined in file [C:\Users\COMPUTOCKS\IdeaProjects\blockbuster_sprintBoot\target\classes\com\example\modeladov1\service\NotificacionesPedidoService.class]: Post-processing of merged bean definition failed; nested exception is java.lang.IllegalStateException: Failed to introspect Class [com.example.modeladov1.service.NotificacionesPedidoService] from ClassLoader [org.springframework.boot.devtools.restart.classloader.RestartClassLoader@5c339de0]
	at org.springframework.beans.factory.annotation.AutowiredAnnotationBeanPostProcessor$AutowiredFieldElement.resolveFieldValue(AutowiredAnnotationBeanPostProcessor.java:713)
	at org.springframework.beans.factory.annotation.AutowiredAnnotationBeanPostProcessor$AutowiredFieldElement.inject(AutowiredAnnotationBeanPostProcessor.java:693)
	at org.springframework.beans.factory.annotation.InjectionMetadata.inject(InjectionMetadata.java:119)
	at org.springframework.beans.factory.annotation.AutowiredAnnotationBeanPostProcessor.postProcessProperties(AutowiredAnnotationBeanPostProcessor.java:408)
	at org.springframework.beans.factory.support.AbstractAutowireCapableBeanFactory.populateBean(AbstractAutowireCapableBeanFactory.java:1431)
	at org.springframework.beans.factory.support.AbstractAutowireCapableBeanFactory.doCreateBean(AbstractAutowireCapableBeanFactory.java:619)
	at org.springframework.beans.factory.support.AbstractAutowireCapableBeanFactory.createBean(AbstractAutowireCapableBeanFactory.java:542)
	at org.springframework.beans.factory.support.AbstractBeanFactory.lambda$doGetBean$0(AbstractBeanFactory.java:335)
	at org.springframework.beans.factory.support.DefaultSingletonBeanRegistry.getSingleton(DefaultSingletonBeanRegistry.java:234)
	at org.springframework.beans.factory.support.AbstractBeanFactory.doGetBean(AbstractBeanFactory.java:333)
	at org.springframework.beans.factory.support.AbstractBeanFactory.getBean(AbstractBeanFactory.java:208)
	at org.springframework.beans.factory.support.DefaultListableBeanFactory.preInstantiateSingletons(DefaultListableBeanFactory.java:955)
	at org.springframework.context.support.AbstractApplicationContext.finishBeanFactoryInitialization(AbstractApplicationContext.java:921)
	at org.springframework.context.support.AbstractApplicationContext.refresh(AbstractApplicationContext.java:583)
	at org.springframework.boot.web.servlet.context.ServletWebServerApplicationContext.refresh(ServletWebServerApplicationContext.java:147)
	at org.springframework.boot.SpringApplication.refresh(SpringApplication.java:731)
	at org.springframework.boot.SpringApplication.refreshContext(SpringApplication.java:408)
	at org.springframework.boot.SpringApplication.run(SpringApplication.java:307)
	at org.springframework.boot.SpringApplication.run(SpringApplication.java:1303)
	at org.springframework.boot.SpringApplication.run(SpringApplication.java:1292)
	at com.example.modeladov1.Modeladov1Application.main(Modeladov1Application.java:10)
	at java.base/jdk.internal.reflect.DirectMethodHandleAccessor.invoke(DirectMethodHandleAccessor.java:103)
	at java.base/java.lang.reflect.Method.invoke(Method.java:580)
	at org.springframework.boot.devtools.restart.RestartLauncher.run(RestartLauncher.java:50)
Caused by: org.springframework.beans.factory.BeanCreationException: Error creating bean with name 'notificacionesPedidoService' defined in file [C:\Users\COMPUTOCKS\IdeaProjects\blockbuster_sprintBoot\target\classes\com\example\modeladov1\service\NotificacionesPedidoService.class]: Post-processing of merged bean definition failed; nested exception is java.lang.IllegalStateException: Failed to introspect Class [com.example.modeladov1.service.NotificacionesPedidoService] from ClassLoader [org.springframework.boot.devtools.restart.classloader.RestartClassLoader@5c339de0]
	at org.springframework.beans.factory.support.AbstractAutowireCapableBeanFactory.doCreateBean(AbstractAutowireCapableBeanFactory.java:597)
	at org.springframework.beans.factory.support.AbstractAutowireCapableBeanFactory.createBean(AbstractAutowireCapableBeanFactory.java:542)
	at org.springframework.beans.factory.support.AbstractBeanFactory.lambda$doGetBean$0(AbstractBeanFactory.java:335)
	at org.springframework.beans.factory.support.DefaultSingletonBeanRegistry.getSingleton(DefaultSingletonBeanRegistry.java:234)
	at org.springframework.beans.factory.support.AbstractBeanFactory.doGetBean(AbstractBeanFactory.java:333)
	at org.springframework.beans.factory.support.AbstractBeanFactory.getBean(AbstractBeanFactory.java:208)
	at org.springframework.beans.factory.config.DependencyDescriptor.resolveCandidate(DependencyDescriptor.java:276)
	at org.springframework.beans.factory.support.DefaultListableBeanFactory.doResolveDependency(DefaultListableBeanFactory.java:1391)
	at org.springframework.beans.factory.support.DefaultListableBeanFactory.resolveDependency(DefaultListableBeanFactory.java:1311)
	at org.springframework.beans.factory.annotation.AutowiredAnnotationBeanPostProcessor$AutowiredFieldElement.resolveFieldValue(AutowiredAnnotationBeanPostProcessor.java:710)
	... 23 common frames omitted
Caused by: java.lang.IllegalStateException: Failed to introspect Class [com.example.modeladov1.service.NotificacionesPedidoService] from ClassLoader [org.springframework.boot.devtools.restart.classloader.RestartClassLoader@5c339de0]
	at org.springframework.util.ReflectionUtils.getDeclaredFields(ReflectionUtils.java:735)
	at org.springframework.util.ReflectionUtils.doWithLocalFields(ReflectionUtils.java:667)
	at org.springframework.orm.jpa.support.PersistenceAnnotationBeanPostProcessor.buildPersistenceMetadata(PersistenceAnnotationBeanPostProcessor.java:407)
	at org.springframework.orm.jpa.support.PersistenceAnnotationBeanPostProcessor.findPersistenceMetadata(PersistenceAnnotationBeanPostProcessor.java:388)
	at org.springframework.orm.jpa.support.PersistenceAnnotationBeanPostProcessor.postProcessMergedBeanDefinition(PersistenceAnnotationBeanPostProcessor.java:335)
	at org.springframework.beans.factory.support.AbstractAutowireCapableBeanFactory.applyMergedBeanDefinitionPostProcessors(AbstractAutowireCapableBeanFactory.java:1116)
	at org.springframework.beans.factory.support.AbstractAutowireCapableBeanFactory.doCreateBean(AbstractAutowireCapableBeanFactory.java:594)
	... 32 common frames omitted
Caused by: java.lang.NoClassDefFoundError: com/example/modeladov1/service/UsuarioService
	at java.base/java.lang.Class.getDeclaredFields0(Native Method)
	at java.base/java.lang.Class.privateGetDeclaredFields(Class.java:3473)
	at java.base/java.lang.Class.getDeclaredFields(Class.java:2542)
	at org.springframework.util.ReflectionUtils.getDeclaredFields(ReflectionUtils.java:730)
	... 38 common frames omitted
Caused by: java.lang.ClassNotFoundException: com.example.modeladov1.service.UsuarioService
	at java.base/jdk.internal.loader.BuiltinClassLoader.loadClass(BuiltinClassLoader.java:641)
	at java.base/jdk.internal.loader.ClassLoaders$AppClassLoader.loadClass(ClassLoaders.java:188)
	at java.base/java.lang.ClassLoader.loadClass(ClassLoader.java:526)
	at java.base/java.lang.Class.forName0(Native Method)
	at java.base/java.lang.Class.forName(Class.java:534)
	at java.base/java.lang.Class.forName(Class.java:513)
	at org.springframework.boot.devtools.restart.classloader.RestartClassLoader.loadClass(RestartClassLoader.java:145)
	at java.base/java.lang.ClassLoader.loadClass(ClassLoader.java:526)
	... 42 common frames omitted
[INFO ] [restartedMain] [06122023 19:17:51] [org.springframework.data.repository.config.RepositoryConfigurationDelegate[132]] Bootstrapping Spring Data JPA repositories in DEFAULT mode. 
[INFO ] [restartedMain] [06122023 19:17:51] [org.springframework.data.repository.config.RepositoryConfigurationDelegate[201]] Finished Spring Data repository scanning in 61 ms. Found 18 JPA repository interfaces. 
[INFO ] [restartedMain] [06122023 19:17:52] [org.springframework.boot.web.embedded.tomcat.TomcatWebServer[108]] Tomcat initialized with port(s): 8082 (http) 
[INFO ] [restartedMain] [06122023 19:17:52] [org.springframework.boot.web.servlet.context.ServletWebServerApplicationContext[292]] Root WebApplicationContext: initialization completed in 785 ms 
[INFO ] [restartedMain] [06122023 19:17:52] [org.springframework.orm.jpa.LocalContainerEntityManagerFactoryBean[437]] Initialized JPA EntityManagerFactory for persistence unit 'blockbusterp' 
[WARN ] [restartedMain] [06122023 19:17:53] [org.springframework.boot.autoconfigure.orm.jpa.JpaBaseConfiguration$JpaWebConfiguration[223]] spring.jpa.open-in-view is enabled by default. Therefore, database queries may be performed during view rendering. Explicitly configure spring.jpa.open-in-view to disable this warning 
[INFO ] [restartedMain] [06122023 19:17:53] [org.springframework.security.web.DefaultSecurityFilterChain[55]] Will secure any request with [org.springframework.security.web.session.DisableEncodeUrlFilter@3fd415a5, org.springframework.security.web.context.request.async.WebAsyncManagerIntegrationFilter@57dbc38c, org.springframework.security.web.context.SecurityContextPersistenceFilter@49c7dc96, org.springframework.security.web.header.HeaderWriterFilter@2ab686ff, org.springframework.security.web.authentication.logout.LogoutFilter@457dde65, com.example.modeladov1.security.JWTAuthorizationFilter@5f4438c1, com.example.modeladov1.security.JWTAuthenticationFilter@27045592, org.springframework.security.web.authentication.www.BasicAuthenticationFilter@7e005058, org.springframework.security.web.savedrequest.RequestCacheAwareFilter@2316699, org.springframework.security.web.servletapi.SecurityContextHolderAwareRequestFilter@1c2e995e, org.springframework.security.web.authentication.AnonymousAuthenticationFilter@5bfa53ba, org.springframework.security.web.session.SessionManagementFilter@41fcda0b, org.springframework.security.web.access.ExceptionTranslationFilter@d88d6a9, org.springframework.security.web.access.intercept.FilterSecurityInterceptor@58350356] 
[INFO ] [restartedMain] [06122023 19:17:53] [org.springframework.boot.devtools.autoconfigure.OptionalLiveReloadServer[59]] LiveReload server is running on port 35729 
[INFO ] [restartedMain] [06122023 19:17:53] [org.springframework.boot.web.embedded.tomcat.TomcatWebServer[220]] Tomcat started on port(s): 8082 (http) with context path '/blockbuster-wsp' 
[INFO ] [restartedMain] [06122023 19:17:54] [org.springframework.boot.devtools.autoconfigure.ConditionEvaluationDeltaLoggingListener[63]] Condition evaluation unchanged 
[INFO ] [File Watcher] [06122023 19:18:55] [org.springframework.boot.devtools.autoconfigure.LocalDevToolsAutoConfiguration$RestartingClassPathChangeChangedEventListener[211]] Restarting due to 1 class path change (0 additions, 1 deletion, 0 modifications) 
[INFO ] [Thread-7] [06122023 19:18:55] [org.springframework.orm.jpa.LocalContainerEntityManagerFactoryBean[651]] Closing JPA EntityManagerFactory for persistence unit 'blockbusterp' 
[INFO ] [restartedMain] [06122023 19:18:55] [org.springframework.data.repository.config.RepositoryConfigurationDelegate[132]] Bootstrapping Spring Data JPA repositories in DEFAULT mode. 
[INFO ] [restartedMain] [06122023 19:18:55] [org.springframework.data.repository.config.RepositoryConfigurationDelegate[201]] Finished Spring Data repository scanning in 114 ms. Found 18 JPA repository interfaces. 
[INFO ] [restartedMain] [06122023 19:18:56] [org.springframework.boot.web.embedded.tomcat.TomcatWebServer[108]] Tomcat initialized with port(s): 8082 (http) 
[INFO ] [restartedMain] [06122023 19:18:56] [org.springframework.boot.web.servlet.context.ServletWebServerApplicationContext[292]] Root WebApplicationContext: initialization completed in 1023 ms 
[INFO ] [restartedMain] [06122023 19:18:56] [org.springframework.orm.jpa.LocalContainerEntityManagerFactoryBean[437]] Initialized JPA EntityManagerFactory for persistence unit 'blockbusterp' 
[WARN ] [restartedMain] [06122023 19:18:56] [org.springframework.boot.web.servlet.context.AnnotationConfigServletWebServerApplicationContext[591]] Exception encountered during context initialization - cancelling refresh attempt: org.springframework.beans.factory.BeanCreationException: Error creating bean with name 'productoController': Resolution of declared constructors on bean Class [com.example.modeladov1.controller.ProductoController] from ClassLoader [org.springframework.boot.devtools.restart.classloader.RestartClassLoader@2c25872c] failed; nested exception is java.lang.NoClassDefFoundError: com/example/modeladov1/service/ProductoService 
[INFO ] [restartedMain] [06122023 19:18:56] [org.springframework.orm.jpa.LocalContainerEntityManagerFactoryBean[651]] Closing JPA EntityManagerFactory for persistence unit 'blockbusterp' 
[INFO ] [restartedMain] [06122023 19:18:57] [org.springframework.boot.autoconfigure.logging.ConditionEvaluationReportLoggingListener[136]] 

Error starting ApplicationContext. To display the conditions report re-run your application with 'debug' enabled. 
[ERROR] [restartedMain] [06122023 19:18:57] [org.springframework.boot.SpringApplication[821]] Application run failed 
org.springframework.beans.factory.BeanCreationException: Error creating bean with name 'productoController': Resolution of declared constructors on bean Class [com.example.modeladov1.controller.ProductoController] from ClassLoader [org.springframework.boot.devtools.restart.classloader.RestartClassLoader@2c25872c] failed; nested exception is java.lang.NoClassDefFoundError: com/example/modeladov1/service/ProductoService
	at org.springframework.beans.factory.annotation.AutowiredAnnotationBeanPostProcessor.determineCandidateConstructors(AutowiredAnnotationBeanPostProcessor.java:318)
	at org.springframework.beans.factory.support.AbstractAutowireCapableBeanFactory.determineConstructorsFromBeanPostProcessors(AbstractAutowireCapableBeanFactory.java:1302)
	at org.springframework.beans.factory.support.AbstractAutowireCapableBeanFactory.createBeanInstance(AbstractAutowireCapableBeanFactory.java:1219)
	at org.springframework.beans.factory.support.AbstractAutowireCapableBeanFactory.doCreateBean(AbstractAutowireCapableBeanFactory.java:582)
	at org.springframework.beans.factory.support.AbstractAutowireCapableBeanFactory.createBean(AbstractAutowireCapableBeanFactory.java:542)
	at org.springframework.beans.factory.support.AbstractBeanFactory.lambda$doGetBean$0(AbstractBeanFactory.java:335)
	at org.springframework.beans.factory.support.DefaultSingletonBeanRegistry.getSingleton(DefaultSingletonBeanRegistry.java:234)
	at org.springframework.beans.factory.support.AbstractBeanFactory.doGetBean(AbstractBeanFactory.java:333)
	at org.springframework.beans.factory.support.AbstractBeanFactory.getBean(AbstractBeanFactory.java:208)
	at org.springframework.beans.factory.support.DefaultListableBeanFactory.preInstantiateSingletons(DefaultListableBeanFactory.java:955)
	at org.springframework.context.support.AbstractApplicationContext.finishBeanFactoryInitialization(AbstractApplicationContext.java:921)
	at org.springframework.context.support.AbstractApplicationContext.refresh(AbstractApplicationContext.java:583)
	at org.springframework.boot.web.servlet.context.ServletWebServerApplicationContext.refresh(ServletWebServerApplicationContext.java:147)
	at org.springframework.boot.SpringApplication.refresh(SpringApplication.java:731)
	at org.springframework.boot.SpringApplication.refreshContext(SpringApplication.java:408)
	at org.springframework.boot.SpringApplication.run(SpringApplication.java:307)
	at org.springframework.boot.SpringApplication.run(SpringApplication.java:1303)
	at org.springframework.boot.SpringApplication.run(SpringApplication.java:1292)
	at com.example.modeladov1.Modeladov1Application.main(Modeladov1Application.java:10)
	at java.base/jdk.internal.reflect.DirectMethodHandleAccessor.invoke(DirectMethodHandleAccessor.java:103)
	at java.base/java.lang.reflect.Method.invoke(Method.java:580)
	at org.springframework.boot.devtools.restart.RestartLauncher.run(RestartLauncher.java:50)
Caused by: java.lang.NoClassDefFoundError: com/example/modeladov1/service/ProductoService
	at java.base/java.lang.Class.getDeclaredConstructors0(Native Method)
	at java.base/java.lang.Class.privateGetDeclaredConstructors(Class.java:3549)
	at java.base/java.lang.Class.getDeclaredConstructors(Class.java:2727)
	at org.springframework.beans.factory.annotation.AutowiredAnnotationBeanPostProcessor.determineCandidateConstructors(AutowiredAnnotationBeanPostProcessor.java:313)
	... 21 common frames omitted
Caused by: java.lang.ClassNotFoundException: com.example.modeladov1.service.ProductoService
	at java.base/jdk.internal.loader.BuiltinClassLoader.loadClass(BuiltinClassLoader.java:641)
	at java.base/jdk.internal.loader.ClassLoaders$AppClassLoader.loadClass(ClassLoaders.java:188)
	at java.base/java.lang.ClassLoader.loadClass(ClassLoader.java:526)
	at java.base/java.lang.Class.forName0(Native Method)
	at java.base/java.lang.Class.forName(Class.java:534)
	at java.base/java.lang.Class.forName(Class.java:513)
	at org.springframework.boot.devtools.restart.classloader.RestartClassLoader.loadClass(RestartClassLoader.java:145)
	at java.base/java.lang.ClassLoader.loadClass(ClassLoader.java:526)
	... 25 common frames omitted
[INFO ] [restartedMain] [06122023 19:19:00] [org.springframework.data.repository.config.RepositoryConfigurationDelegate[132]] Bootstrapping Spring Data JPA repositories in DEFAULT mode. 
[INFO ] [restartedMain] [06122023 19:19:00] [org.springframework.data.repository.config.RepositoryConfigurationDelegate[201]] Finished Spring Data repository scanning in 67 ms. Found 18 JPA repository interfaces. 
[INFO ] [restartedMain] [06122023 19:19:00] [org.springframework.boot.web.embedded.tomcat.TomcatWebServer[108]] Tomcat initialized with port(s): 8082 (http) 
[INFO ] [restartedMain] [06122023 19:19:00] [org.springframework.boot.web.servlet.context.ServletWebServerApplicationContext[292]] Root WebApplicationContext: initialization completed in 994 ms 
[INFO ] [restartedMain] [06122023 19:19:01] [org.springframework.orm.jpa.LocalContainerEntityManagerFactoryBean[437]] Initialized JPA EntityManagerFactory for persistence unit 'blockbusterp' 
[WARN ] [restartedMain] [06122023 19:19:02] [org.springframework.boot.autoconfigure.orm.jpa.JpaBaseConfiguration$JpaWebConfiguration[223]] spring.jpa.open-in-view is enabled by default. Therefore, database queries may be performed during view rendering. Explicitly configure spring.jpa.open-in-view to disable this warning 
[INFO ] [restartedMain] [06122023 19:19:02] [org.springframework.security.web.DefaultSecurityFilterChain[55]] Will secure any request with [org.springframework.security.web.session.DisableEncodeUrlFilter@7de39c06, org.springframework.security.web.context.request.async.WebAsyncManagerIntegrationFilter@1f41accc, org.springframework.security.web.context.SecurityContextPersistenceFilter@230df534, org.springframework.security.web.header.HeaderWriterFilter@299fdc2a, org.springframework.security.web.authentication.logout.LogoutFilter@e0321a2, com.example.modeladov1.security.JWTAuthorizationFilter@6f31f129, com.example.modeladov1.security.JWTAuthenticationFilter@585720fd, org.springframework.security.web.authentication.www.BasicAuthenticationFilter@7dc99bfa, org.springframework.security.web.savedrequest.RequestCacheAwareFilter@78016882, org.springframework.security.web.servletapi.SecurityContextHolderAwareRequestFilter@2fa89524, org.springframework.security.web.authentication.AnonymousAuthenticationFilter@69706646, org.springframework.security.web.session.SessionManagementFilter@14df3e29, org.springframework.security.web.access.ExceptionTranslationFilter@43631689, org.springframework.security.web.access.intercept.FilterSecurityInterceptor@4ce17617] 
[INFO ] [restartedMain] [06122023 19:19:02] [org.springframework.boot.devtools.autoconfigure.OptionalLiveReloadServer[59]] LiveReload server is running on port 35729 
[INFO ] [restartedMain] [06122023 19:19:02] [org.springframework.boot.web.embedded.tomcat.TomcatWebServer[220]] Tomcat started on port(s): 8082 (http) with context path '/blockbuster-wsp' 
[INFO ] [restartedMain] [06122023 19:19:03] [org.springframework.boot.devtools.autoconfigure.ConditionEvaluationDeltaLoggingListener[63]] Condition evaluation unchanged 
[INFO ] [File Watcher] [06122023 19:19:07] [org.springframework.boot.devtools.autoconfigure.LocalDevToolsAutoConfiguration$RestartingClassPathChangeChangedEventListener[211]] Restarting due to 1 class path change (0 additions, 1 deletion, 0 modifications) 
[INFO ] [Thread-14] [06122023 19:19:07] [org.springframework.orm.jpa.LocalContainerEntityManagerFactoryBean[651]] Closing JPA EntityManagerFactory for persistence unit 'blockbusterp' 
[INFO ] [restartedMain] [06122023 19:19:07] [org.springframework.data.repository.config.RepositoryConfigurationDelegate[132]] Bootstrapping Spring Data JPA repositories in DEFAULT mode. 
[INFO ] [restartedMain] [06122023 19:19:08] [org.springframework.data.repository.config.RepositoryConfigurationDelegate[201]] Finished Spring Data repository scanning in 75 ms. Found 18 JPA repository interfaces. 
[INFO ] [restartedMain] [06122023 19:19:08] [org.springframework.boot.web.embedded.tomcat.TomcatWebServer[108]] Tomcat initialized with port(s): 8082 (http) 
[INFO ] [restartedMain] [06122023 19:19:08] [org.springframework.boot.web.servlet.context.ServletWebServerApplicationContext[292]] Root WebApplicationContext: initialization completed in 1002 ms 
[INFO ] [restartedMain] [06122023 19:19:08] [org.springframework.orm.jpa.LocalContainerEntityManagerFactoryBean[437]] Initialized JPA EntityManagerFactory for persistence unit 'blockbusterp' 
[WARN ] [restartedMain] [06122023 19:19:09] [org.springframework.boot.web.servlet.context.AnnotationConfigServletWebServerApplicationContext[591]] Exception encountered during context initialization - cancelling refresh attempt: org.springframework.beans.factory.BeanCreationException: Error creating bean with name 'productoController': Resolution of declared constructors on bean Class [com.example.modeladov1.controller.ProductoController] from ClassLoader [org.springframework.boot.devtools.restart.classloader.RestartClassLoader@16a90475] failed; nested exception is java.lang.NoClassDefFoundError: com/example/modeladov1/service/ProductoService 
[INFO ] [restartedMain] [06122023 19:19:09] [org.springframework.orm.jpa.LocalContainerEntityManagerFactoryBean[651]] Closing JPA EntityManagerFactory for persistence unit 'blockbusterp' 
[INFO ] [restartedMain] [06122023 19:19:09] [org.springframework.boot.autoconfigure.logging.ConditionEvaluationReportLoggingListener[136]] 

Error starting ApplicationContext. To display the conditions report re-run your application with 'debug' enabled. 
[ERROR] [restartedMain] [06122023 19:19:09] [org.springframework.boot.SpringApplication[821]] Application run failed 
org.springframework.beans.factory.BeanCreationException: Error creating bean with name 'productoController': Resolution of declared constructors on bean Class [com.example.modeladov1.controller.ProductoController] from ClassLoader [org.springframework.boot.devtools.restart.classloader.RestartClassLoader@16a90475] failed; nested exception is java.lang.NoClassDefFoundError: com/example/modeladov1/service/ProductoService
	at org.springframework.beans.factory.annotation.AutowiredAnnotationBeanPostProcessor.determineCandidateConstructors(AutowiredAnnotationBeanPostProcessor.java:318)
	at org.springframework.beans.factory.support.AbstractAutowireCapableBeanFactory.determineConstructorsFromBeanPostProcessors(AbstractAutowireCapableBeanFactory.java:1302)
	at org.springframework.beans.factory.support.AbstractAutowireCapableBeanFactory.createBeanInstance(AbstractAutowireCapableBeanFactory.java:1219)
	at org.springframework.beans.factory.support.AbstractAutowireCapableBeanFactory.doCreateBean(AbstractAutowireCapableBeanFactory.java:582)
	at org.springframework.beans.factory.support.AbstractAutowireCapableBeanFactory.createBean(AbstractAutowireCapableBeanFactory.java:542)
	at org.springframework.beans.factory.support.AbstractBeanFactory.lambda$doGetBean$0(AbstractBeanFactory.java:335)
	at org.springframework.beans.factory.support.DefaultSingletonBeanRegistry.getSingleton(DefaultSingletonBeanRegistry.java:234)
	at org.springframework.beans.factory.support.AbstractBeanFactory.doGetBean(AbstractBeanFactory.java:333)
	at org.springframework.beans.factory.support.AbstractBeanFactory.getBean(AbstractBeanFactory.java:208)
	at org.springframework.beans.factory.support.DefaultListableBeanFactory.preInstantiateSingletons(DefaultListableBeanFactory.java:955)
	at org.springframework.context.support.AbstractApplicationContext.finishBeanFactoryInitialization(AbstractApplicationContext.java:921)
	at org.springframework.context.support.AbstractApplicationContext.refresh(AbstractApplicationContext.java:583)
	at org.springframework.boot.web.servlet.context.ServletWebServerApplicationContext.refresh(ServletWebServerApplicationContext.java:147)
	at org.springframework.boot.SpringApplication.refresh(SpringApplication.java:731)
	at org.springframework.boot.SpringApplication.refreshContext(SpringApplication.java:408)
	at org.springframework.boot.SpringApplication.run(SpringApplication.java:307)
	at org.springframework.boot.SpringApplication.run(SpringApplication.java:1303)
	at org.springframework.boot.SpringApplication.run(SpringApplication.java:1292)
	at com.example.modeladov1.Modeladov1Application.main(Modeladov1Application.java:10)
	at java.base/jdk.internal.reflect.DirectMethodHandleAccessor.invoke(DirectMethodHandleAccessor.java:103)
	at java.base/java.lang.reflect.Method.invoke(Method.java:580)
	at org.springframework.boot.devtools.restart.RestartLauncher.run(RestartLauncher.java:50)
Caused by: java.lang.NoClassDefFoundError: com/example/modeladov1/service/ProductoService
	at java.base/java.lang.Class.getDeclaredConstructors0(Native Method)
	at java.base/java.lang.Class.privateGetDeclaredConstructors(Class.java:3549)
	at java.base/java.lang.Class.getDeclaredConstructors(Class.java:2727)
	at org.springframework.beans.factory.annotation.AutowiredAnnotationBeanPostProcessor.determineCandidateConstructors(AutowiredAnnotationBeanPostProcessor.java:313)
	... 21 common frames omitted
Caused by: java.lang.ClassNotFoundException: com.example.modeladov1.service.ProductoService
	at java.base/jdk.internal.loader.BuiltinClassLoader.loadClass(BuiltinClassLoader.java:641)
	at java.base/jdk.internal.loader.ClassLoaders$AppClassLoader.loadClass(ClassLoaders.java:188)
	at java.base/java.lang.ClassLoader.loadClass(ClassLoader.java:526)
	at java.base/java.lang.Class.forName0(Native Method)
	at java.base/java.lang.Class.forName(Class.java:534)
	at java.base/java.lang.Class.forName(Class.java:513)
	at org.springframework.boot.devtools.restart.classloader.RestartClassLoader.loadClass(RestartClassLoader.java:145)
	at java.base/java.lang.ClassLoader.loadClass(ClassLoader.java:526)
	... 25 common frames omitted
[INFO ] [restartedMain] [06122023 19:20:30] [org.springframework.data.repository.config.RepositoryConfigurationDelegate[132]] Bootstrapping Spring Data JPA repositories in DEFAULT mode. 
[INFO ] [restartedMain] [06122023 19:20:30] [org.springframework.data.repository.config.RepositoryConfigurationDelegate[201]] Finished Spring Data repository scanning in 54 ms. Found 18 JPA repository interfaces. 
[INFO ] [restartedMain] [06122023 19:20:31] [org.springframework.boot.web.embedded.tomcat.TomcatWebServer[108]] Tomcat initialized with port(s): 8082 (http) 
[INFO ] [restartedMain] [06122023 19:20:31] [org.springframework.boot.web.servlet.context.ServletWebServerApplicationContext[292]] Root WebApplicationContext: initialization completed in 868 ms 
[INFO ] [restartedMain] [06122023 19:20:31] [org.springframework.orm.jpa.LocalContainerEntityManagerFactoryBean[437]] Initialized JPA EntityManagerFactory for persistence unit 'blockbusterp' 
[WARN ] [restartedMain] [06122023 19:20:31] [org.springframework.boot.autoconfigure.orm.jpa.JpaBaseConfiguration$JpaWebConfiguration[223]] spring.jpa.open-in-view is enabled by default. Therefore, database queries may be performed during view rendering. Explicitly configure spring.jpa.open-in-view to disable this warning 
[INFO ] [restartedMain] [06122023 19:20:32] [org.springframework.security.web.DefaultSecurityFilterChain[55]] Will secure any request with [org.springframework.security.web.session.DisableEncodeUrlFilter@5e0eef54, org.springframework.security.web.context.request.async.WebAsyncManagerIntegrationFilter@2b0809e0, org.springframework.security.web.context.SecurityContextPersistenceFilter@b0951c8, org.springframework.security.web.header.HeaderWriterFilter@7d44e3bc, org.springframework.security.web.authentication.logout.LogoutFilter@475b0d1, com.example.modeladov1.security.JWTAuthorizationFilter@38574681, com.example.modeladov1.security.JWTAuthenticationFilter@4626e103, org.springframework.security.web.authentication.www.BasicAuthenticationFilter@4ecd20f5, org.springframework.security.web.savedrequest.RequestCacheAwareFilter@34b18998, org.springframework.security.web.servletapi.SecurityContextHolderAwareRequestFilter@6eb2c5b1, org.springframework.security.web.authentication.AnonymousAuthenticationFilter@61cbabba, org.springframework.security.web.session.SessionManagementFilter@6bbf0d13, org.springframework.security.web.access.ExceptionTranslationFilter@3a30a6ef, org.springframework.security.web.access.intercept.FilterSecurityInterceptor@5b36debc] 
[INFO ] [restartedMain] [06122023 19:20:32] [org.springframework.boot.devtools.autoconfigure.OptionalLiveReloadServer[59]] LiveReload server is running on port 35729 
[INFO ] [restartedMain] [06122023 19:20:32] [org.springframework.boot.web.embedded.tomcat.TomcatWebServer[220]] Tomcat started on port(s): 8082 (http) with context path '/blockbuster-wsp' 
[INFO ] [restartedMain] [06122023 19:20:32] [org.springframework.boot.devtools.autoconfigure.ConditionEvaluationDeltaLoggingListener[63]] Condition evaluation unchanged 
[INFO ] [SpringApplicationShutdownHook] [06122023 19:20:45] [org.springframework.orm.jpa.LocalContainerEntityManagerFactoryBean[651]] Closing JPA EntityManagerFactory for persistence unit 'blockbusterp' 
[INFO ] [restartedMain] [06122023 19:20:56] [org.springframework.boot.devtools.env.DevToolsPropertyDefaultsPostProcessor[255]] Devtools property defaults active! Set 'spring.devtools.add-properties' to 'false' to disable 
[INFO ] [restartedMain] [06122023 19:20:56] [org.springframework.boot.devtools.env.DevToolsPropertyDefaultsPostProcessor[255]] For additional web related logging consider setting the 'logging.level.web' property to 'DEBUG' 
[INFO ] [restartedMain] [06122023 19:20:57] [org.springframework.data.repository.config.RepositoryConfigurationDelegate[132]] Bootstrapping Spring Data JPA repositories in DEFAULT mode. 
[INFO ] [restartedMain] [06122023 19:20:57] [org.springframework.data.repository.config.RepositoryConfigurationDelegate[201]] Finished Spring Data repository scanning in 123 ms. Found 18 JPA repository interfaces. 
[INFO ] [restartedMain] [06122023 19:20:58] [org.springframework.boot.web.embedded.tomcat.TomcatWebServer[108]] Tomcat initialized with port(s): 8082 (http) 
[INFO ] [restartedMain] [06122023 19:20:58] [org.springframework.boot.web.servlet.context.ServletWebServerApplicationContext[292]] Root WebApplicationContext: initialization completed in 2709 ms 
[INFO ] [restartedMain] [06122023 19:21:00] [org.springframework.orm.jpa.LocalContainerEntityManagerFactoryBean[437]] Initialized JPA EntityManagerFactory for persistence unit 'blockbusterp' 
[WARN ] [restartedMain] [06122023 19:21:02] [org.springframework.boot.autoconfigure.orm.jpa.JpaBaseConfiguration$JpaWebConfiguration[223]] spring.jpa.open-in-view is enabled by default. Therefore, database queries may be performed during view rendering. Explicitly configure spring.jpa.open-in-view to disable this warning 
[INFO ] [restartedMain] [06122023 19:21:02] [org.springframework.security.web.DefaultSecurityFilterChain[55]] Will secure any request with [org.springframework.security.web.session.DisableEncodeUrlFilter@26c85ca9, org.springframework.security.web.context.request.async.WebAsyncManagerIntegrationFilter@328629f3, org.springframework.security.web.context.SecurityContextPersistenceFilter@45c2746c, org.springframework.security.web.header.HeaderWriterFilter@4dd3e614, org.springframework.security.web.authentication.logout.LogoutFilter@3d7cb0b2, com.example.modeladov1.security.JWTAuthorizationFilter@214ed403, com.example.modeladov1.security.JWTAuthenticationFilter@793ee541, org.springframework.security.web.authentication.www.BasicAuthenticationFilter@2f076ba8, org.springframework.security.web.savedrequest.RequestCacheAwareFilter@795183db, org.springframework.security.web.servletapi.SecurityContextHolderAwareRequestFilter@466aae24, org.springframework.security.web.authentication.AnonymousAuthenticationFilter@79ae6d14, org.springframework.security.web.session.SessionManagementFilter@6b36fede, org.springframework.security.web.access.ExceptionTranslationFilter@71ffe2f7, org.springframework.security.web.access.intercept.FilterSecurityInterceptor@7492cf9b] 
[INFO ] [restartedMain] [06122023 19:21:02] [org.springframework.boot.devtools.autoconfigure.OptionalLiveReloadServer[59]] LiveReload server is running on port 35729 
[INFO ] [restartedMain] [06122023 19:21:03] [org.springframework.boot.web.embedded.tomcat.TomcatWebServer[220]] Tomcat started on port(s): 8082 (http) with context path '/blockbuster-wsp' 
[INFO ] [http-nio-8082-exec-1] [06122023 19:21:51] [org.springframework.web.servlet.DispatcherServlet[525]] Initializing Servlet 'dispatcherServlet' 
[INFO ] [http-nio-8082-exec-1] [06122023 19:21:51] [org.springframework.web.servlet.DispatcherServlet[547]] Completed initialization in 4 ms 
[INFO ] [http-nio-8082-exec-1] [06122023 19:21:52] [com.example.modeladov1.security.JWTAuthenticationFilter[47]] eyJhbGciOiJIUzI1NiJ9.eyJzdWIiOiJhZG1pbkBleGFtcGxlLmNvbSIsImV4cCI6MTcwNDUwNDExMiwicm9sZXMiOlsiUk9MRV9BRE1JTiJdLCJub21icmUiOiJBZG1pbiJ9.jd4uPbz2oyClDZB5zHOimg80C8DVTw0577fb_Ax6QkM 
[INFO ] [SpringApplicationShutdownHook] [06122023 19:23:16] [org.springframework.orm.jpa.LocalContainerEntityManagerFactoryBean[651]] Closing JPA EntityManagerFactory for persistence unit 'blockbusterp' 
[INFO ] [restartedMain] [06122023 19:23:19] [org.springframework.boot.devtools.env.DevToolsPropertyDefaultsPostProcessor[255]] Devtools property defaults active! Set 'spring.devtools.add-properties' to 'false' to disable 
[INFO ] [restartedMain] [06122023 19:23:19] [org.springframework.boot.devtools.env.DevToolsPropertyDefaultsPostProcessor[255]] For additional web related logging consider setting the 'logging.level.web' property to 'DEBUG' 
[INFO ] [restartedMain] [06122023 19:23:21] [org.springframework.data.repository.config.RepositoryConfigurationDelegate[132]] Bootstrapping Spring Data JPA repositories in DEFAULT mode. 
[INFO ] [restartedMain] [06122023 19:23:21] [org.springframework.data.repository.config.RepositoryConfigurationDelegate[201]] Finished Spring Data repository scanning in 135 ms. Found 18 JPA repository interfaces. 
[INFO ] [restartedMain] [06122023 19:23:22] [org.springframework.boot.web.embedded.tomcat.TomcatWebServer[108]] Tomcat initialized with port(s): 8082 (http) 
[INFO ] [restartedMain] [06122023 19:23:22] [org.springframework.boot.web.servlet.context.ServletWebServerApplicationContext[292]] Root WebApplicationContext: initialization completed in 3163 ms 
[INFO ] [restartedMain] [06122023 19:23:25] [org.springframework.orm.jpa.LocalContainerEntityManagerFactoryBean[437]] Initialized JPA EntityManagerFactory for persistence unit 'blockbusterp' 
[WARN ] [restartedMain] [06122023 19:23:27] [org.springframework.boot.autoconfigure.orm.jpa.JpaBaseConfiguration$JpaWebConfiguration[223]] spring.jpa.open-in-view is enabled by default. Therefore, database queries may be performed during view rendering. Explicitly configure spring.jpa.open-in-view to disable this warning 
[INFO ] [restartedMain] [06122023 19:23:28] [org.springframework.security.web.DefaultSecurityFilterChain[55]] Will secure any request with [org.springframework.security.web.session.DisableEncodeUrlFilter@1b3b417, org.springframework.security.web.context.request.async.WebAsyncManagerIntegrationFilter@6adc5ac6, org.springframework.security.web.context.SecurityContextPersistenceFilter@3764ff4e, org.springframework.security.web.header.HeaderWriterFilter@37d96054, org.springframework.security.web.authentication.logout.LogoutFilter@6c0e220f, com.example.modeladov1.security.JWTAuthorizationFilter@1a300c02, com.example.modeladov1.security.JWTAuthenticationFilter@1a17237f, org.springframework.security.web.authentication.www.BasicAuthenticationFilter@4b94121d, org.springframework.security.web.savedrequest.RequestCacheAwareFilter@7047fc92, org.springframework.security.web.servletapi.SecurityContextHolderAwareRequestFilter@153f386e, org.springframework.security.web.authentication.AnonymousAuthenticationFilter@240389b1, org.springframework.security.web.session.SessionManagementFilter@1fcecb7, org.springframework.security.web.access.ExceptionTranslationFilter@4d54b2f6, org.springframework.security.web.access.intercept.FilterSecurityInterceptor@7f393db4] 
[INFO ] [restartedMain] [06122023 19:23:29] [org.springframework.boot.devtools.autoconfigure.OptionalLiveReloadServer[59]] LiveReload server is running on port 35729 
[INFO ] [restartedMain] [06122023 19:23:29] [org.springframework.boot.web.embedded.tomcat.TomcatWebServer[220]] Tomcat started on port(s): 8082 (http) with context path '/blockbuster-wsp' 
[INFO ] [http-nio-8082-exec-2] [06122023 19:23:35] [org.springframework.web.servlet.DispatcherServlet[525]] Initializing Servlet 'dispatcherServlet' 
[INFO ] [http-nio-8082-exec-2] [06122023 19:23:35] [org.springframework.web.servlet.DispatcherServlet[547]] Completed initialization in 4 ms 
[INFO ] [http-nio-8082-exec-2] [06122023 19:23:37] [com.example.modeladov1.security.JWTAuthenticationFilter[47]] eyJhbGciOiJIUzI1NiJ9.eyJzdWIiOiJhZG1pbkBleGFtcGxlLmNvbSIsImV4cCI6MTcwNDUwNDIxNywicm9sZXMiOlsiUk9MRV9BRE1JTiJdLCJub21icmUiOiJBZG1pbiJ9.d-c1n5V30Bw2vfhIQkVm6QzVe6Xdafls49V-d3OC3kg 
[INFO ] [SpringApplicationShutdownHook] [06122023 19:24:19] [org.springframework.orm.jpa.LocalContainerEntityManagerFactoryBean[651]] Closing JPA EntityManagerFactory for persistence unit 'blockbusterp' 
[INFO ] [restartedMain] [06122023 19:24:24] [org.springframework.boot.devtools.env.DevToolsPropertyDefaultsPostProcessor[255]] Devtools property defaults active! Set 'spring.devtools.add-properties' to 'false' to disable 
[INFO ] [restartedMain] [06122023 19:24:24] [org.springframework.boot.devtools.env.DevToolsPropertyDefaultsPostProcessor[255]] For additional web related logging consider setting the 'logging.level.web' property to 'DEBUG' 
[INFO ] [restartedMain] [06122023 19:24:25] [org.springframework.data.repository.config.RepositoryConfigurationDelegate[132]] Bootstrapping Spring Data JPA repositories in DEFAULT mode. 
[INFO ] [restartedMain] [06122023 19:24:26] [org.springframework.data.repository.config.RepositoryConfigurationDelegate[201]] Finished Spring Data repository scanning in 140 ms. Found 18 JPA repository interfaces. 
[INFO ] [restartedMain] [06122023 19:24:27] [org.springframework.boot.web.embedded.tomcat.TomcatWebServer[108]] Tomcat initialized with port(s): 8082 (http) 
[INFO ] [restartedMain] [06122023 19:24:27] [org.springframework.boot.web.servlet.context.ServletWebServerApplicationContext[292]] Root WebApplicationContext: initialization completed in 3209 ms 
[INFO ] [restartedMain] [06122023 19:24:29] [org.springframework.orm.jpa.LocalContainerEntityManagerFactoryBean[437]] Initialized JPA EntityManagerFactory for persistence unit 'blockbusterp' 
[WARN ] [restartedMain] [06122023 19:24:31] [org.springframework.boot.autoconfigure.orm.jpa.JpaBaseConfiguration$JpaWebConfiguration[223]] spring.jpa.open-in-view is enabled by default. Therefore, database queries may be performed during view rendering. Explicitly configure spring.jpa.open-in-view to disable this warning 
[INFO ] [restartedMain] [06122023 19:24:32] [org.springframework.security.web.DefaultSecurityFilterChain[55]] Will secure any request with [org.springframework.security.web.session.DisableEncodeUrlFilter@752a6a4f, org.springframework.security.web.context.request.async.WebAsyncManagerIntegrationFilter@f709ba7, org.springframework.security.web.context.SecurityContextPersistenceFilter@3b2cbd38, org.springframework.security.web.header.HeaderWriterFilter@598c876d, org.springframework.security.web.authentication.logout.LogoutFilter@3f891d6f, com.example.modeladov1.security.JWTAuthorizationFilter@4f680913, com.example.modeladov1.security.JWTAuthenticationFilter@2f4a204d, org.springframework.security.web.authentication.www.BasicAuthenticationFilter@38585f02, org.springframework.security.web.savedrequest.RequestCacheAwareFilter@71b42c3e, org.springframework.security.web.servletapi.SecurityContextHolderAwareRequestFilter@11fee2a8, org.springframework.security.web.authentication.AnonymousAuthenticationFilter@5677d047, org.springframework.security.web.session.SessionManagementFilter@397f9e32, org.springframework.security.web.access.ExceptionTranslationFilter@1471a694, org.springframework.security.web.access.intercept.FilterSecurityInterceptor@73235e77] 
[INFO ] [restartedMain] [06122023 19:24:32] [org.springframework.boot.devtools.autoconfigure.OptionalLiveReloadServer[59]] LiveReload server is running on port 35729 
[INFO ] [restartedMain] [06122023 19:24:33] [org.springframework.boot.web.embedded.tomcat.TomcatWebServer[220]] Tomcat started on port(s): 8082 (http) with context path '/blockbuster-wsp' 
[INFO ] [http-nio-8082-exec-1] [06122023 19:25:09] [org.springframework.web.servlet.DispatcherServlet[525]] Initializing Servlet 'dispatcherServlet' 
[INFO ] [http-nio-8082-exec-1] [06122023 19:25:09] [org.springframework.web.servlet.DispatcherServlet[547]] Completed initialization in 10 ms 
[INFO ] [http-nio-8082-exec-1] [06122023 19:25:10] [com.example.modeladov1.security.JWTAuthenticationFilter[47]] eyJhbGciOiJIUzI1NiJ9.eyJzdWIiOiJhZG1pbkBleGFtcGxlLmNvbSIsImV4cCI6MTcwNDUwNDMxMCwicm9sZXMiOlsiUk9MRV9BRE1JTiJdLCJub21icmUiOiJBZG1pbiJ9.hZFwERKxcGtdFN94OgTvurM9MDQXo2bdpfrwmLUHJiU 
[INFO ] [http-nio-8082-exec-3] [06122023 19:25:12] [com.example.modeladov1.security.JWTAuthenticationFilter[47]] eyJhbGciOiJIUzI1NiJ9.eyJzdWIiOiJhZG1pbkBleGFtcGxlLmNvbSIsImV4cCI6MTcwNDUwNDMxMiwicm9sZXMiOlsiUk9MRV9BRE1JTiJdLCJub21icmUiOiJBZG1pbiJ9.4ck_eRM5Gy7q9b_YKoFrjiffjwp6QoKY_3vLl5Ygn2Q 
[INFO ] [http-nio-8082-exec-5] [06122023 19:25:30] [com.example.modeladov1.security.JWTAuthenticationFilter[47]] eyJhbGciOiJIUzI1NiJ9.eyJzdWIiOiJhZG1pbkBleGFtcGxlLmNvbSIsImV4cCI6MTcwNDUwNDMzMCwicm9sZXMiOlsiUk9MRV9BRE1JTiJdLCJub21icmUiOiJBZG1pbiJ9.ZcH69uwq6JRNphUN45l77UZN9jTnTXuORqMzwSf96TM 
[INFO ] [http-nio-8082-exec-6] [06122023 19:25:41] [com.example.modeladov1.service.UsuarioService[72]] Se borro el producto con la id: 1 
[INFO ] [SpringApplicationShutdownHook] [06122023 19:28:24] [org.springframework.orm.jpa.LocalContainerEntityManagerFactoryBean[651]] Closing JPA EntityManagerFactory for persistence unit 'blockbusterp' 
