[INFO ] [restartedMain] [19112023 16:42:53] [com.example.modeladov1.Modeladov1Application[55]] Starting Modeladov1Application using Java 20.0.2 on PCANDRES with PID 20660 (C:\Users\andre\OneDrive\Documents\SpringBoot Projects\modeladov1\target\classes started by andre in C:\Users\andre\OneDrive\Documents\SpringBoot Projects\modeladov1) 
[INFO ] [restartedMain] [19112023 16:42:53] [com.example.modeladov1.Modeladov1Application[631]] No active profile set, falling back to 1 default profile: "default" 
[INFO ] [restartedMain] [19112023 16:42:54] [org.springframework.boot.devtools.env.DevToolsPropertyDefaultsPostProcessor[255]] Devtools property defaults active! Set 'spring.devtools.add-properties' to 'false' to disable 
[INFO ] [restartedMain] [19112023 16:42:54] [org.springframework.boot.devtools.env.DevToolsPropertyDefaultsPostProcessor[255]] For additional web related logging consider setting the 'logging.level.web' property to 'DEBUG' 
[INFO ] [restartedMain] [19112023 16:42:55] [org.springframework.data.repository.config.RepositoryConfigurationDelegate[132]] Bootstrapping Spring Data JPA repositories in DEFAULT mode. 
[INFO ] [restartedMain] [19112023 16:42:56] [org.springframework.data.repository.config.RepositoryConfigurationDelegate[201]] Finished Spring Data repository scanning in 217 ms. Found 18 JPA repository interfaces. 
[INFO ] [restartedMain] [19112023 16:42:58] [org.springframework.boot.web.embedded.tomcat.TomcatWebServer[108]] Tomcat initialized with port(s): 8082 (http) 
[INFO ] [restartedMain] [19112023 16:42:58] [org.springframework.boot.web.servlet.context.ServletWebServerApplicationContext[292]] Root WebApplicationContext: initialization completed in 4331 ms 
[WARN ] [restartedMain] [19112023 16:43:01] [org.hibernate.engine.jdbc.env.internal.JdbcEnvironmentInitiator[133]] HHH000342: Could not obtain connection to query metadata 
java.sql.SQLException: Access denied for user 'root'@'localhost' (using password: NO)
	at com.mysql.cj.jdbc.exceptions.SQLError.createSQLException(SQLError.java:130)
	at com.mysql.cj.jdbc.exceptions.SQLExceptionsMapping.translateException(SQLExceptionsMapping.java:122)
	at com.mysql.cj.jdbc.ConnectionImpl.createNewIO(ConnectionImpl.java:825)
	at com.mysql.cj.jdbc.ConnectionImpl.<init>(ConnectionImpl.java:446)
	at com.mysql.cj.jdbc.ConnectionImpl.getInstance(ConnectionImpl.java:239)
	at com.mysql.cj.jdbc.NonRegisteringDriver.connect(NonRegisteringDriver.java:188)
	at com.zaxxer.hikari.util.DriverDataSource.getConnection(DriverDataSource.java:138)
	at com.zaxxer.hikari.pool.PoolBase.newConnection(PoolBase.java:364)
	at com.zaxxer.hikari.pool.PoolBase.newPoolEntry(PoolBase.java:206)
	at com.zaxxer.hikari.pool.HikariPool.createPoolEntry(HikariPool.java:476)
	at com.zaxxer.hikari.pool.HikariPool.checkFailFast(HikariPool.java:561)
	at com.zaxxer.hikari.pool.HikariPool.<init>(HikariPool.java:115)
	at com.zaxxer.hikari.HikariDataSource.getConnection(HikariDataSource.java:112)
	at org.hibernate.engine.jdbc.connections.internal.DatasourceConnectionProviderImpl.getConnection(DatasourceConnectionProviderImpl.java:122)
	at org.hibernate.engine.jdbc.env.internal.JdbcEnvironmentInitiator$ConnectionProviderJdbcConnectionAccess.obtainConnection(JdbcEnvironmentInitiator.java:181)
	at org.hibernate.engine.jdbc.env.internal.JdbcEnvironmentInitiator.initiateService(JdbcEnvironmentInitiator.java:68)
	at org.hibernate.engine.jdbc.env.internal.JdbcEnvironmentInitiator.initiateService(JdbcEnvironmentInitiator.java:35)
	at org.hibernate.boot.registry.internal.StandardServiceRegistryImpl.initiateService(StandardServiceRegistryImpl.java:101)
	at org.hibernate.service.internal.AbstractServiceRegistryImpl.createService(AbstractServiceRegistryImpl.java:272)
	at org.hibernate.service.internal.AbstractServiceRegistryImpl.initializeService(AbstractServiceRegistryImpl.java:246)
	at org.hibernate.service.internal.AbstractServiceRegistryImpl.getService(AbstractServiceRegistryImpl.java:223)
	at org.hibernate.id.factory.internal.DefaultIdentifierGeneratorFactory.injectServices(DefaultIdentifierGeneratorFactory.java:175)
	at org.hibernate.service.internal.AbstractServiceRegistryImpl.injectDependencies(AbstractServiceRegistryImpl.java:295)
	at org.hibernate.service.internal.AbstractServiceRegistryImpl.initializeService(AbstractServiceRegistryImpl.java:252)
	at org.hibernate.service.internal.AbstractServiceRegistryImpl.getService(AbstractServiceRegistryImpl.java:223)
	at org.hibernate.boot.internal.InFlightMetadataCollectorImpl.<init>(InFlightMetadataCollectorImpl.java:173)
	at org.hibernate.boot.model.process.spi.MetadataBuildingProcess.complete(MetadataBuildingProcess.java:127)
	at org.hibernate.jpa.boot.internal.EntityManagerFactoryBuilderImpl.metadata(EntityManagerFactoryBuilderImpl.java:1460)
	at org.hibernate.jpa.boot.internal.EntityManagerFactoryBuilderImpl.build(EntityManagerFactoryBuilderImpl.java:1494)
	at org.springframework.orm.jpa.vendor.SpringHibernateJpaPersistenceProvider.createContainerEntityManagerFactory(SpringHibernateJpaPersistenceProvider.java:58)
	at org.springframework.orm.jpa.LocalContainerEntityManagerFactoryBean.createNativeEntityManagerFactory(LocalContainerEntityManagerFactoryBean.java:365)
	at org.springframework.orm.jpa.AbstractEntityManagerFactoryBean.buildNativeEntityManagerFactory(AbstractEntityManagerFactoryBean.java:409)
	at org.springframework.orm.jpa.AbstractEntityManagerFactoryBean.afterPropertiesSet(AbstractEntityManagerFactoryBean.java:396)
	at org.springframework.orm.jpa.LocalContainerEntityManagerFactoryBean.afterPropertiesSet(LocalContainerEntityManagerFactoryBean.java:341)
	at org.springframework.beans.factory.support.AbstractAutowireCapableBeanFactory.invokeInitMethods(AbstractAutowireCapableBeanFactory.java:1863)
	at org.springframework.beans.factory.support.AbstractAutowireCapableBeanFactory.initializeBean(AbstractAutowireCapableBeanFactory.java:1800)
	at org.springframework.beans.factory.support.AbstractAutowireCapableBeanFactory.doCreateBean(AbstractAutowireCapableBeanFactory.java:620)
	at org.springframework.beans.factory.support.AbstractAutowireCapableBeanFactory.createBean(AbstractAutowireCapableBeanFactory.java:542)
	at org.springframework.beans.factory.support.AbstractBeanFactory.lambda$doGetBean$0(AbstractBeanFactory.java:335)
	at org.springframework.beans.factory.support.DefaultSingletonBeanRegistry.getSingleton(DefaultSingletonBeanRegistry.java:234)
	at org.springframework.beans.factory.support.AbstractBeanFactory.doGetBean(AbstractBeanFactory.java:333)
	at org.springframework.beans.factory.support.AbstractBeanFactory.getBean(AbstractBeanFactory.java:208)
	at org.springframework.context.support.AbstractApplicationContext.getBean(AbstractApplicationContext.java:1160)
	at org.springframework.context.support.AbstractApplicationContext.finishBeanFactoryInitialization(AbstractApplicationContext.java:911)
	at org.springframework.context.support.AbstractApplicationContext.refresh(AbstractApplicationContext.java:583)
	at org.springframework.boot.web.servlet.context.ServletWebServerApplicationContext.refresh(ServletWebServerApplicationContext.java:147)
	at org.springframework.boot.SpringApplication.refresh(SpringApplication.java:731)
	at org.springframework.boot.SpringApplication.refreshContext(SpringApplication.java:408)
	at org.springframework.boot.SpringApplication.run(SpringApplication.java:307)
	at org.springframework.boot.SpringApplication.run(SpringApplication.java:1303)
	at org.springframework.boot.SpringApplication.run(SpringApplication.java:1292)
	at com.example.modeladov1.Modeladov1Application.main(Modeladov1Application.java:10)
	at java.base/jdk.internal.reflect.DirectMethodHandleAccessor.invoke(DirectMethodHandleAccessor.java:104)
	at java.base/java.lang.reflect.Method.invoke(Method.java:578)
	at org.springframework.boot.devtools.restart.RestartLauncher.run(RestartLauncher.java:50)
[INFO ] [restartedMain] [19112023 16:43:03] [org.springframework.orm.jpa.LocalContainerEntityManagerFactoryBean[437]] Initialized JPA EntityManagerFactory for persistence unit 'blockbusterp' 
[WARN ] [restartedMain] [19112023 16:43:05] [org.springframework.boot.autoconfigure.orm.jpa.JpaBaseConfiguration$JpaWebConfiguration[223]] spring.jpa.open-in-view is enabled by default. Therefore, database queries may be performed during view rendering. Explicitly configure spring.jpa.open-in-view to disable this warning 
[INFO ] [restartedMain] [19112023 16:43:05] [org.springframework.security.web.DefaultSecurityFilterChain[55]] Will secure any request with [org.springframework.security.web.session.DisableEncodeUrlFilter@757ca92f, org.springframework.security.web.context.request.async.WebAsyncManagerIntegrationFilter@5509e0d2, org.springframework.security.web.context.SecurityContextPersistenceFilter@13456da6, org.springframework.security.web.header.HeaderWriterFilter@7ea5897e, org.springframework.security.web.authentication.logout.LogoutFilter@19ad4a38, com.example.modeladov1.security.JWTAuthorizationFilter@2d7cb9fd, com.example.modeladov1.security.JWTAuthenticationFilter@1a86c439, org.springframework.security.web.authentication.www.BasicAuthenticationFilter@18c71240, org.springframework.security.web.savedrequest.RequestCacheAwareFilter@34a0b2ac, org.springframework.security.web.servletapi.SecurityContextHolderAwareRequestFilter@70c1c839, org.springframework.security.web.authentication.AnonymousAuthenticationFilter@10144e95, org.springframework.security.web.session.SessionManagementFilter@30aca433, org.springframework.security.web.access.ExceptionTranslationFilter@7e5df22a, org.springframework.security.web.access.intercept.FilterSecurityInterceptor@3229a8f2] 
[INFO ] [restartedMain] [19112023 16:43:05] [org.springframework.boot.devtools.autoconfigure.OptionalLiveReloadServer[59]] LiveReload server is running on port 35729 
[INFO ] [restartedMain] [19112023 16:43:06] [org.springframework.boot.web.embedded.tomcat.TomcatWebServer[220]] Tomcat started on port(s): 8082 (http) with context path '/blockbuster-wsp' 
[INFO ] [restartedMain] [19112023 16:43:07] [com.example.modeladov1.Modeladov1Application[61]] Started Modeladov1Application in 14.407 seconds (JVM running for 17.509) 
[INFO ] [http-nio-8082-exec-1] [19112023 16:46:20] [org.springframework.web.servlet.DispatcherServlet[525]] Initializing Servlet 'dispatcherServlet' 
[INFO ] [http-nio-8082-exec-1] [19112023 16:46:20] [org.springframework.web.servlet.DispatcherServlet[547]] Completed initialization in 3 ms 
[WARN ] [http-nio-8082-exec-1] [19112023 16:46:22] [org.hibernate.engine.jdbc.spi.SqlExceptionHelper[137]] SQL Error: 1045, SQLState: 28000 
[ERROR] [http-nio-8082-exec-1] [19112023 16:46:22] [org.hibernate.engine.jdbc.spi.SqlExceptionHelper[142]] Access denied for user 'root'@'localhost' (using password: NO) 
[ERROR] [http-nio-8082-exec-1] [19112023 16:46:22] [com.example.modeladov1.security.JWTAuthenticationFilter[240]] An internal error occurred while trying to authenticate the user. 
org.springframework.security.authentication.InternalAuthenticationServiceException: Unable to acquire JDBC Connection; nested exception is org.hibernate.exception.GenericJDBCException: Unable to acquire JDBC Connection
	at org.springframework.security.authentication.dao.DaoAuthenticationProvider.retrieveUser(DaoAuthenticationProvider.java:109)
	at org.springframework.security.authentication.dao.AbstractUserDetailsAuthenticationProvider.authenticate(AbstractUserDetailsAuthenticationProvider.java:133)
	at org.springframework.security.authentication.ProviderManager.authenticate(ProviderManager.java:182)
	at com.example.modeladov1.security.JWTAuthenticationFilter.attemptAuthentication(JWTAuthenticationFilter.java:39)
	at org.springframework.security.web.authentication.AbstractAuthenticationProcessingFilter.doFilter(AbstractAuthenticationProcessingFilter.java:227)
	at org.springframework.security.web.authentication.AbstractAuthenticationProcessingFilter.doFilter(AbstractAuthenticationProcessingFilter.java:217)
	at org.springframework.security.web.FilterChainProxy$VirtualFilterChain.doFilter(FilterChainProxy.java:346)
	at com.example.modeladov1.security.JWTAuthorizationFilter.doFilterInternal(JWTAuthorizationFilter.java:26)
	at org.springframework.web.filter.OncePerRequestFilter.doFilter(OncePerRequestFilter.java:117)
	at org.springframework.security.web.FilterChainProxy$VirtualFilterChain.doFilter(FilterChainProxy.java:346)
	at org.springframework.security.web.authentication.logout.LogoutFilter.doFilter(LogoutFilter.java:103)
	at org.springframework.security.web.authentication.logout.LogoutFilter.doFilter(LogoutFilter.java:89)
	at org.springframework.security.web.FilterChainProxy$VirtualFilterChain.doFilter(FilterChainProxy.java:346)
	at org.springframework.security.web.header.HeaderWriterFilter.doHeadersAfter(HeaderWriterFilter.java:90)
	at org.springframework.security.web.header.HeaderWriterFilter.doFilterInternal(HeaderWriterFilter.java:75)
	at org.springframework.web.filter.OncePerRequestFilter.doFilter(OncePerRequestFilter.java:117)
	at org.springframework.security.web.FilterChainProxy$VirtualFilterChain.doFilter(FilterChainProxy.java:346)
	at org.springframework.security.web.context.SecurityContextPersistenceFilter.doFilter(SecurityContextPersistenceFilter.java:112)
	at org.springframework.security.web.context.SecurityContextPersistenceFilter.doFilter(SecurityContextPersistenceFilter.java:82)
	at org.springframework.security.web.FilterChainProxy$VirtualFilterChain.doFilter(FilterChainProxy.java:346)
	at org.springframework.security.web.context.request.async.WebAsyncManagerIntegrationFilter.doFilterInternal(WebAsyncManagerIntegrationFilter.java:55)
	at org.springframework.web.filter.OncePerRequestFilter.doFilter(OncePerRequestFilter.java:117)
	at org.springframework.security.web.FilterChainProxy$VirtualFilterChain.doFilter(FilterChainProxy.java:346)
	at org.springframework.security.web.session.DisableEncodeUrlFilter.doFilterInternal(DisableEncodeUrlFilter.java:42)
	at org.springframework.web.filter.OncePerRequestFilter.doFilter(OncePerRequestFilter.java:117)
	at org.springframework.security.web.FilterChainProxy$VirtualFilterChain.doFilter(FilterChainProxy.java:346)
	at org.springframework.security.web.FilterChainProxy.doFilterInternal(FilterChainProxy.java:221)
	at org.springframework.security.web.FilterChainProxy.doFilter(FilterChainProxy.java:186)
	at org.springframework.web.filter.DelegatingFilterProxy.invokeDelegate(DelegatingFilterProxy.java:354)
	at org.springframework.web.filter.DelegatingFilterProxy.doFilter(DelegatingFilterProxy.java:267)
	at org.apache.catalina.core.ApplicationFilterChain.internalDoFilter(ApplicationFilterChain.java:178)
	at org.apache.catalina.core.ApplicationFilterChain.doFilter(ApplicationFilterChain.java:153)
	at org.springframework.web.filter.RequestContextFilter.doFilterInternal(RequestContextFilter.java:100)
	at org.springframework.web.filter.OncePerRequestFilter.doFilter(OncePerRequestFilter.java:117)
	at org.apache.catalina.core.ApplicationFilterChain.internalDoFilter(ApplicationFilterChain.java:178)
	at org.apache.catalina.core.ApplicationFilterChain.doFilter(ApplicationFilterChain.java:153)
	at org.springframework.web.filter.FormContentFilter.doFilterInternal(FormContentFilter.java:93)
	at org.springframework.web.filter.OncePerRequestFilter.doFilter(OncePerRequestFilter.java:117)
	at org.apache.catalina.core.ApplicationFilterChain.internalDoFilter(ApplicationFilterChain.java:178)
	at org.apache.catalina.core.ApplicationFilterChain.doFilter(ApplicationFilterChain.java:153)
	at org.springframework.web.filter.CharacterEncodingFilter.doFilterInternal(CharacterEncodingFilter.java:201)
	at org.springframework.web.filter.OncePerRequestFilter.doFilter(OncePerRequestFilter.java:117)
	at org.apache.catalina.core.ApplicationFilterChain.internalDoFilter(ApplicationFilterChain.java:178)
	at org.apache.catalina.core.ApplicationFilterChain.doFilter(ApplicationFilterChain.java:153)
	at org.apache.catalina.core.StandardWrapperValve.invoke(StandardWrapperValve.java:168)
	at org.apache.catalina.core.StandardContextValve.invoke(StandardContextValve.java:90)
	at org.apache.catalina.authenticator.AuthenticatorBase.invoke(AuthenticatorBase.java:481)
	at org.apache.catalina.core.StandardHostValve.invoke(StandardHostValve.java:130)
	at org.apache.catalina.valves.ErrorReportValve.invoke(ErrorReportValve.java:93)
	at org.apache.catalina.core.StandardEngineValve.invoke(StandardEngineValve.java:74)
	at org.apache.catalina.connector.CoyoteAdapter.service(CoyoteAdapter.java:343)
	at org.apache.coyote.http11.Http11Processor.service(Http11Processor.java:390)
	at org.apache.coyote.AbstractProcessorLight.process(AbstractProcessorLight.java:63)
	at org.apache.coyote.AbstractProtocol$ConnectionHandler.process(AbstractProtocol.java:926)
	at org.apache.tomcat.util.net.NioEndpoint$SocketProcessor.doRun(NioEndpoint.java:1790)
	at org.apache.tomcat.util.net.SocketProcessorBase.run(SocketProcessorBase.java:52)
	at org.apache.tomcat.util.threads.ThreadPoolExecutor.runWorker(ThreadPoolExecutor.java:1191)
	at org.apache.tomcat.util.threads.ThreadPoolExecutor$Worker.run(ThreadPoolExecutor.java:659)
	at org.apache.tomcat.util.threads.TaskThread$WrappingRunnable.run(TaskThread.java:61)
	at java.base/java.lang.Thread.run(Thread.java:1623)
Caused by: org.springframework.orm.jpa.JpaSystemException: Unable to acquire JDBC Connection; nested exception is org.hibernate.exception.GenericJDBCException: Unable to acquire JDBC Connection
	at org.springframework.orm.jpa.vendor.HibernateJpaDialect.convertHibernateAccessException(HibernateJpaDialect.java:331)
	at org.springframework.orm.jpa.vendor.HibernateJpaDialect.translateExceptionIfPossible(HibernateJpaDialect.java:233)
	at org.springframework.orm.jpa.AbstractEntityManagerFactoryBean.translateExceptionIfPossible(AbstractEntityManagerFactoryBean.java:551)
	at org.springframework.dao.support.ChainedPersistenceExceptionTranslator.translateExceptionIfPossible(ChainedPersistenceExceptionTranslator.java:61)
	at org.springframework.dao.support.DataAccessUtils.translateIfNecessary(DataAccessUtils.java:243)
	at org.springframework.dao.support.PersistenceExceptionTranslationInterceptor.invoke(PersistenceExceptionTranslationInterceptor.java:152)
	at org.springframework.aop.framework.ReflectiveMethodInvocation.proceed(ReflectiveMethodInvocation.java:186)
	at org.springframework.data.jpa.repository.support.CrudMethodMetadataPostProcessor$CrudMethodMetadataPopulatingMethodInterceptor.invoke(CrudMethodMetadataPostProcessor.java:145)
	at org.springframework.aop.framework.ReflectiveMethodInvocation.proceed(ReflectiveMethodInvocation.java:186)
	at org.springframework.aop.interceptor.ExposeInvocationInterceptor.invoke(ExposeInvocationInterceptor.java:97)
	at org.springframework.aop.framework.ReflectiveMethodInvocation.proceed(ReflectiveMethodInvocation.java:186)
	at org.springframework.aop.framework.JdkDynamicAopProxy.invoke(JdkDynamicAopProxy.java:241)
	at jdk.proxy3/jdk.proxy3.$Proxy132.findOneByEmail(Unknown Source)
	at com.example.modeladov1.security.UserDetailServiceImpl.loadUserByUsername(UserDetailServiceImpl.java:21)
	at org.springframework.security.authentication.dao.DaoAuthenticationProvider.retrieveUser(DaoAuthenticationProvider.java:94)
	... 59 common frames omitted
Caused by: org.hibernate.exception.GenericJDBCException: Unable to acquire JDBC Connection
	at org.hibernate.exception.internal.StandardSQLExceptionConverter.convert(StandardSQLExceptionConverter.java:42)
	at org.hibernate.engine.jdbc.spi.SqlExceptionHelper.convert(SqlExceptionHelper.java:113)
	at org.hibernate.engine.jdbc.spi.SqlExceptionHelper.convert(SqlExceptionHelper.java:99)
	at org.hibernate.resource.jdbc.internal.LogicalConnectionManagedImpl.acquireConnectionIfNeeded(LogicalConnectionManagedImpl.java:111)
	at org.hibernate.resource.jdbc.internal.LogicalConnectionManagedImpl.getPhysicalConnection(LogicalConnectionManagedImpl.java:138)
	at org.hibernate.engine.jdbc.internal.StatementPreparerImpl.connection(StatementPreparerImpl.java:50)
	at org.hibernate.engine.jdbc.internal.StatementPreparerImpl$5.doPrepare(StatementPreparerImpl.java:149)
	at org.hibernate.engine.jdbc.internal.StatementPreparerImpl$StatementPreparationTemplate.prepareStatement(StatementPreparerImpl.java:176)
	at org.hibernate.engine.jdbc.internal.StatementPreparerImpl.prepareQueryStatement(StatementPreparerImpl.java:151)
	at org.hibernate.loader.Loader.prepareQueryStatement(Loader.java:2122)
	at org.hibernate.loader.Loader.executeQueryStatement(Loader.java:2059)
	at org.hibernate.loader.Loader.executeQueryStatement(Loader.java:2037)
	at org.hibernate.loader.Loader.doQuery(Loader.java:956)
	at org.hibernate.loader.Loader.doQueryAndInitializeNonLazyCollections(Loader.java:357)
	at org.hibernate.loader.Loader.doList(Loader.java:2868)
	at org.hibernate.loader.Loader.doList(Loader.java:2850)
	at org.hibernate.loader.Loader.listIgnoreQueryCache(Loader.java:2682)
	at org.hibernate.loader.Loader.list(Loader.java:2677)
	at org.hibernate.loader.hql.QueryLoader.list(QueryLoader.java:540)
	at org.hibernate.hql.internal.ast.QueryTranslatorImpl.list(QueryTranslatorImpl.java:400)
	at org.hibernate.engine.query.spi.HQLQueryPlan.performList(HQLQueryPlan.java:218)
	at org.hibernate.internal.SessionImpl.list(SessionImpl.java:1459)
	at org.hibernate.query.internal.AbstractProducedQuery.doList(AbstractProducedQuery.java:1649)
	at org.hibernate.query.internal.AbstractProducedQuery.list(AbstractProducedQuery.java:1617)
	at org.hibernate.query.internal.AbstractProducedQuery.getSingleResult(AbstractProducedQuery.java:1665)
	at org.hibernate.query.criteria.internal.compile.CriteriaQueryTypeQueryAdapter.getSingleResult(CriteriaQueryTypeQueryAdapter.java:111)
	at java.base/jdk.internal.reflect.DirectMethodHandleAccessor.invoke(DirectMethodHandleAccessor.java:104)
	at java.base/java.lang.reflect.Method.invoke(Method.java:578)
	at org.springframework.orm.jpa.SharedEntityManagerCreator$DeferredQueryInvocationHandler.invoke(SharedEntityManagerCreator.java:410)
	at jdk.proxy3/jdk.proxy3.$Proxy154.getSingleResult(Unknown Source)
	at org.springframework.data.jpa.repository.query.JpaQueryExecution$SingleEntityExecution.doExecute(JpaQueryExecution.java:198)
	at org.springframework.data.jpa.repository.query.JpaQueryExecution.execute(JpaQueryExecution.java:90)
	at org.springframework.data.jpa.repository.query.AbstractJpaQuery.doExecute(AbstractJpaQuery.java:156)
	at org.springframework.data.jpa.repository.query.AbstractJpaQuery.execute(AbstractJpaQuery.java:144)
	at org.springframework.data.repository.core.support.RepositoryMethodInvoker.doInvoke(RepositoryMethodInvoker.java:137)
	at org.springframework.data.repository.core.support.RepositoryMethodInvoker.invoke(RepositoryMethodInvoker.java:121)
	at org.springframework.data.repository.core.support.QueryExecutorMethodInterceptor.doInvoke(QueryExecutorMethodInterceptor.java:160)
	at org.springframework.data.repository.core.support.QueryExecutorMethodInterceptor.invoke(QueryExecutorMethodInterceptor.java:139)
	at org.springframework.aop.framework.ReflectiveMethodInvocation.proceed(ReflectiveMethodInvocation.java:186)
	at org.springframework.transaction.interceptor.TransactionInterceptor$1.proceedWithInvocation(TransactionInterceptor.java:123)
	at org.springframework.transaction.interceptor.TransactionAspectSupport.invokeWithinTransaction(TransactionAspectSupport.java:388)
	at org.springframework.transaction.interceptor.TransactionInterceptor.invoke(TransactionInterceptor.java:119)
	at org.springframework.aop.framework.ReflectiveMethodInvocation.proceed(ReflectiveMethodInvocation.java:186)
	at org.springframework.dao.support.PersistenceExceptionTranslationInterceptor.invoke(PersistenceExceptionTranslationInterceptor.java:137)
	... 68 common frames omitted
Caused by: java.sql.SQLException: Access denied for user 'root'@'localhost' (using password: NO)
	at com.mysql.cj.jdbc.exceptions.SQLError.createSQLException(SQLError.java:130)
	at com.mysql.cj.jdbc.exceptions.SQLExceptionsMapping.translateException(SQLExceptionsMapping.java:122)
	at com.mysql.cj.jdbc.ConnectionImpl.createNewIO(ConnectionImpl.java:825)
	at com.mysql.cj.jdbc.ConnectionImpl.<init>(ConnectionImpl.java:446)
	at com.mysql.cj.jdbc.ConnectionImpl.getInstance(ConnectionImpl.java:239)
	at com.mysql.cj.jdbc.NonRegisteringDriver.connect(NonRegisteringDriver.java:188)
	at com.zaxxer.hikari.util.DriverDataSource.getConnection(DriverDataSource.java:138)
	at com.zaxxer.hikari.pool.PoolBase.newConnection(PoolBase.java:364)
	at com.zaxxer.hikari.pool.PoolBase.newPoolEntry(PoolBase.java:206)
	at com.zaxxer.hikari.pool.HikariPool.createPoolEntry(HikariPool.java:476)
	at com.zaxxer.hikari.pool.HikariPool.checkFailFast(HikariPool.java:561)
	at com.zaxxer.hikari.pool.HikariPool.<init>(HikariPool.java:115)
	at com.zaxxer.hikari.HikariDataSource.getConnection(HikariDataSource.java:112)
	at org.hibernate.engine.jdbc.connections.internal.DatasourceConnectionProviderImpl.getConnection(DatasourceConnectionProviderImpl.java:122)
	at org.hibernate.internal.NonContextualJdbcConnectionAccess.obtainConnection(NonContextualJdbcConnectionAccess.java:38)
	at org.hibernate.resource.jdbc.internal.LogicalConnectionManagedImpl.acquireConnectionIfNeeded(LogicalConnectionManagedImpl.java:108)
	... 108 common frames omitted
[WARN ] [http-nio-8082-exec-3] [19112023 16:46:39] [org.hibernate.engine.jdbc.spi.SqlExceptionHelper[137]] SQL Error: 1045, SQLState: 28000 
[ERROR] [http-nio-8082-exec-3] [19112023 16:46:39] [org.hibernate.engine.jdbc.spi.SqlExceptionHelper[142]] Access denied for user 'root'@'localhost' (using password: NO) 
[ERROR] [http-nio-8082-exec-3] [19112023 16:46:39] [com.example.modeladov1.security.JWTAuthenticationFilter[240]] An internal error occurred while trying to authenticate the user. 
org.springframework.security.authentication.InternalAuthenticationServiceException: Unable to acquire JDBC Connection; nested exception is org.hibernate.exception.GenericJDBCException: Unable to acquire JDBC Connection
	at org.springframework.security.authentication.dao.DaoAuthenticationProvider.retrieveUser(DaoAuthenticationProvider.java:109)
	at org.springframework.security.authentication.dao.AbstractUserDetailsAuthenticationProvider.authenticate(AbstractUserDetailsAuthenticationProvider.java:133)
	at org.springframework.security.authentication.ProviderManager.authenticate(ProviderManager.java:182)
	at com.example.modeladov1.security.JWTAuthenticationFilter.attemptAuthentication(JWTAuthenticationFilter.java:39)
	at org.springframework.security.web.authentication.AbstractAuthenticationProcessingFilter.doFilter(AbstractAuthenticationProcessingFilter.java:227)
	at org.springframework.security.web.authentication.AbstractAuthenticationProcessingFilter.doFilter(AbstractAuthenticationProcessingFilter.java:217)
	at org.springframework.security.web.FilterChainProxy$VirtualFilterChain.doFilter(FilterChainProxy.java:346)
	at com.example.modeladov1.security.JWTAuthorizationFilter.doFilterInternal(JWTAuthorizationFilter.java:26)
	at org.springframework.web.filter.OncePerRequestFilter.doFilter(OncePerRequestFilter.java:117)
	at org.springframework.security.web.FilterChainProxy$VirtualFilterChain.doFilter(FilterChainProxy.java:346)
	at org.springframework.security.web.authentication.logout.LogoutFilter.doFilter(LogoutFilter.java:103)
	at org.springframework.security.web.authentication.logout.LogoutFilter.doFilter(LogoutFilter.java:89)
	at org.springframework.security.web.FilterChainProxy$VirtualFilterChain.doFilter(FilterChainProxy.java:346)
	at org.springframework.security.web.header.HeaderWriterFilter.doHeadersAfter(HeaderWriterFilter.java:90)
	at org.springframework.security.web.header.HeaderWriterFilter.doFilterInternal(HeaderWriterFilter.java:75)
	at org.springframework.web.filter.OncePerRequestFilter.doFilter(OncePerRequestFilter.java:117)
	at org.springframework.security.web.FilterChainProxy$VirtualFilterChain.doFilter(FilterChainProxy.java:346)
	at org.springframework.security.web.context.SecurityContextPersistenceFilter.doFilter(SecurityContextPersistenceFilter.java:112)
	at org.springframework.security.web.context.SecurityContextPersistenceFilter.doFilter(SecurityContextPersistenceFilter.java:82)
	at org.springframework.security.web.FilterChainProxy$VirtualFilterChain.doFilter(FilterChainProxy.java:346)
	at org.springframework.security.web.context.request.async.WebAsyncManagerIntegrationFilter.doFilterInternal(WebAsyncManagerIntegrationFilter.java:55)
	at org.springframework.web.filter.OncePerRequestFilter.doFilter(OncePerRequestFilter.java:117)
	at org.springframework.security.web.FilterChainProxy$VirtualFilterChain.doFilter(FilterChainProxy.java:346)
	at org.springframework.security.web.session.DisableEncodeUrlFilter.doFilterInternal(DisableEncodeUrlFilter.java:42)
	at org.springframework.web.filter.OncePerRequestFilter.doFilter(OncePerRequestFilter.java:117)
	at org.springframework.security.web.FilterChainProxy$VirtualFilterChain.doFilter(FilterChainProxy.java:346)
	at org.springframework.security.web.FilterChainProxy.doFilterInternal(FilterChainProxy.java:221)
	at org.springframework.security.web.FilterChainProxy.doFilter(FilterChainProxy.java:186)
	at org.springframework.web.filter.DelegatingFilterProxy.invokeDelegate(DelegatingFilterProxy.java:354)
	at org.springframework.web.filter.DelegatingFilterProxy.doFilter(DelegatingFilterProxy.java:267)
	at org.apache.catalina.core.ApplicationFilterChain.internalDoFilter(ApplicationFilterChain.java:178)
	at org.apache.catalina.core.ApplicationFilterChain.doFilter(ApplicationFilterChain.java:153)
	at org.springframework.web.filter.RequestContextFilter.doFilterInternal(RequestContextFilter.java:100)
	at org.springframework.web.filter.OncePerRequestFilter.doFilter(OncePerRequestFilter.java:117)
	at org.apache.catalina.core.ApplicationFilterChain.internalDoFilter(ApplicationFilterChain.java:178)
	at org.apache.catalina.core.ApplicationFilterChain.doFilter(ApplicationFilterChain.java:153)
	at org.springframework.web.filter.FormContentFilter.doFilterInternal(FormContentFilter.java:93)
	at org.springframework.web.filter.OncePerRequestFilter.doFilter(OncePerRequestFilter.java:117)
	at org.apache.catalina.core.ApplicationFilterChain.internalDoFilter(ApplicationFilterChain.java:178)
	at org.apache.catalina.core.ApplicationFilterChain.doFilter(ApplicationFilterChain.java:153)
	at org.springframework.web.filter.CharacterEncodingFilter.doFilterInternal(CharacterEncodingFilter.java:201)
	at org.springframework.web.filter.OncePerRequestFilter.doFilter(OncePerRequestFilter.java:117)
	at org.apache.catalina.core.ApplicationFilterChain.internalDoFilter(ApplicationFilterChain.java:178)
	at org.apache.catalina.core.ApplicationFilterChain.doFilter(ApplicationFilterChain.java:153)
	at org.apache.catalina.core.StandardWrapperValve.invoke(StandardWrapperValve.java:168)
	at org.apache.catalina.core.StandardContextValve.invoke(StandardContextValve.java:90)
	at org.apache.catalina.authenticator.AuthenticatorBase.invoke(AuthenticatorBase.java:481)
	at org.apache.catalina.core.StandardHostValve.invoke(StandardHostValve.java:130)
	at org.apache.catalina.valves.ErrorReportValve.invoke(ErrorReportValve.java:93)
	at org.apache.catalina.core.StandardEngineValve.invoke(StandardEngineValve.java:74)
	at org.apache.catalina.connector.CoyoteAdapter.service(CoyoteAdapter.java:343)
	at org.apache.coyote.http11.Http11Processor.service(Http11Processor.java:390)
	at org.apache.coyote.AbstractProcessorLight.process(AbstractProcessorLight.java:63)
	at org.apache.coyote.AbstractProtocol$ConnectionHandler.process(AbstractProtocol.java:926)
	at org.apache.tomcat.util.net.NioEndpoint$SocketProcessor.doRun(NioEndpoint.java:1790)
	at org.apache.tomcat.util.net.SocketProcessorBase.run(SocketProcessorBase.java:52)
	at org.apache.tomcat.util.threads.ThreadPoolExecutor.runWorker(ThreadPoolExecutor.java:1191)
	at org.apache.tomcat.util.threads.ThreadPoolExecutor$Worker.run(ThreadPoolExecutor.java:659)
	at org.apache.tomcat.util.threads.TaskThread$WrappingRunnable.run(TaskThread.java:61)
	at java.base/java.lang.Thread.run(Thread.java:1623)
Caused by: org.springframework.orm.jpa.JpaSystemException: Unable to acquire JDBC Connection; nested exception is org.hibernate.exception.GenericJDBCException: Unable to acquire JDBC Connection
	at org.springframework.orm.jpa.vendor.HibernateJpaDialect.convertHibernateAccessException(HibernateJpaDialect.java:331)
	at org.springframework.orm.jpa.vendor.HibernateJpaDialect.translateExceptionIfPossible(HibernateJpaDialect.java:233)
	at org.springframework.orm.jpa.AbstractEntityManagerFactoryBean.translateExceptionIfPossible(AbstractEntityManagerFactoryBean.java:551)
	at org.springframework.dao.support.ChainedPersistenceExceptionTranslator.translateExceptionIfPossible(ChainedPersistenceExceptionTranslator.java:61)
	at org.springframework.dao.support.DataAccessUtils.translateIfNecessary(DataAccessUtils.java:243)
	at org.springframework.dao.support.PersistenceExceptionTranslationInterceptor.invoke(PersistenceExceptionTranslationInterceptor.java:152)
	at org.springframework.aop.framework.ReflectiveMethodInvocation.proceed(ReflectiveMethodInvocation.java:186)
	at org.springframework.data.jpa.repository.support.CrudMethodMetadataPostProcessor$CrudMethodMetadataPopulatingMethodInterceptor.invoke(CrudMethodMetadataPostProcessor.java:145)
	at org.springframework.aop.framework.ReflectiveMethodInvocation.proceed(ReflectiveMethodInvocation.java:186)
	at org.springframework.aop.interceptor.ExposeInvocationInterceptor.invoke(ExposeInvocationInterceptor.java:97)
	at org.springframework.aop.framework.ReflectiveMethodInvocation.proceed(ReflectiveMethodInvocation.java:186)
	at org.springframework.aop.framework.JdkDynamicAopProxy.invoke(JdkDynamicAopProxy.java:241)
	at jdk.proxy3/jdk.proxy3.$Proxy132.findOneByEmail(Unknown Source)
	at com.example.modeladov1.security.UserDetailServiceImpl.loadUserByUsername(UserDetailServiceImpl.java:21)
	at org.springframework.security.authentication.dao.DaoAuthenticationProvider.retrieveUser(DaoAuthenticationProvider.java:94)
	... 59 common frames omitted
Caused by: org.hibernate.exception.GenericJDBCException: Unable to acquire JDBC Connection
	at org.hibernate.exception.internal.StandardSQLExceptionConverter.convert(StandardSQLExceptionConverter.java:42)
	at org.hibernate.engine.jdbc.spi.SqlExceptionHelper.convert(SqlExceptionHelper.java:113)
	at org.hibernate.engine.jdbc.spi.SqlExceptionHelper.convert(SqlExceptionHelper.java:99)
	at org.hibernate.resource.jdbc.internal.LogicalConnectionManagedImpl.acquireConnectionIfNeeded(LogicalConnectionManagedImpl.java:111)
	at org.hibernate.resource.jdbc.internal.LogicalConnectionManagedImpl.getPhysicalConnection(LogicalConnectionManagedImpl.java:138)
	at org.hibernate.engine.jdbc.internal.StatementPreparerImpl.connection(StatementPreparerImpl.java:50)
	at org.hibernate.engine.jdbc.internal.StatementPreparerImpl$5.doPrepare(StatementPreparerImpl.java:149)
	at org.hibernate.engine.jdbc.internal.StatementPreparerImpl$StatementPreparationTemplate.prepareStatement(StatementPreparerImpl.java:176)
	at org.hibernate.engine.jdbc.internal.StatementPreparerImpl.prepareQueryStatement(StatementPreparerImpl.java:151)
	at org.hibernate.loader.Loader.prepareQueryStatement(Loader.java:2122)
	at org.hibernate.loader.Loader.executeQueryStatement(Loader.java:2059)
	at org.hibernate.loader.Loader.executeQueryStatement(Loader.java:2037)
	at org.hibernate.loader.Loader.doQuery(Loader.java:956)
	at org.hibernate.loader.Loader.doQueryAndInitializeNonLazyCollections(Loader.java:357)
	at org.hibernate.loader.Loader.doList(Loader.java:2868)
	at org.hibernate.loader.Loader.doList(Loader.java:2850)
	at org.hibernate.loader.Loader.listIgnoreQueryCache(Loader.java:2682)
	at org.hibernate.loader.Loader.list(Loader.java:2677)
	at org.hibernate.loader.hql.QueryLoader.list(QueryLoader.java:540)
	at org.hibernate.hql.internal.ast.QueryTranslatorImpl.list(QueryTranslatorImpl.java:400)
	at org.hibernate.engine.query.spi.HQLQueryPlan.performList(HQLQueryPlan.java:218)
	at org.hibernate.internal.SessionImpl.list(SessionImpl.java:1459)
	at org.hibernate.query.internal.AbstractProducedQuery.doList(AbstractProducedQuery.java:1649)
	at org.hibernate.query.internal.AbstractProducedQuery.list(AbstractProducedQuery.java:1617)
	at org.hibernate.query.internal.AbstractProducedQuery.getSingleResult(AbstractProducedQuery.java:1665)
	at org.hibernate.query.criteria.internal.compile.CriteriaQueryTypeQueryAdapter.getSingleResult(CriteriaQueryTypeQueryAdapter.java:111)
	at java.base/jdk.internal.reflect.DirectMethodHandleAccessor.invoke(DirectMethodHandleAccessor.java:104)
	at java.base/java.lang.reflect.Method.invoke(Method.java:578)
	at org.springframework.orm.jpa.SharedEntityManagerCreator$DeferredQueryInvocationHandler.invoke(SharedEntityManagerCreator.java:410)
	at jdk.proxy3/jdk.proxy3.$Proxy154.getSingleResult(Unknown Source)
	at org.springframework.data.jpa.repository.query.JpaQueryExecution$SingleEntityExecution.doExecute(JpaQueryExecution.java:198)
	at org.springframework.data.jpa.repository.query.JpaQueryExecution.execute(JpaQueryExecution.java:90)
	at org.springframework.data.jpa.repository.query.AbstractJpaQuery.doExecute(AbstractJpaQuery.java:156)
	at org.springframework.data.jpa.repository.query.AbstractJpaQuery.execute(AbstractJpaQuery.java:144)
	at org.springframework.data.repository.core.support.RepositoryMethodInvoker.doInvoke(RepositoryMethodInvoker.java:137)
	at org.springframework.data.repository.core.support.RepositoryMethodInvoker.invoke(RepositoryMethodInvoker.java:121)
	at org.springframework.data.repository.core.support.QueryExecutorMethodInterceptor.doInvoke(QueryExecutorMethodInterceptor.java:160)
	at org.springframework.data.repository.core.support.QueryExecutorMethodInterceptor.invoke(QueryExecutorMethodInterceptor.java:139)
	at org.springframework.aop.framework.ReflectiveMethodInvocation.proceed(ReflectiveMethodInvocation.java:186)
	at org.springframework.transaction.interceptor.TransactionInterceptor$1.proceedWithInvocation(TransactionInterceptor.java:123)
	at org.springframework.transaction.interceptor.TransactionAspectSupport.invokeWithinTransaction(TransactionAspectSupport.java:388)
	at org.springframework.transaction.interceptor.TransactionInterceptor.invoke(TransactionInterceptor.java:119)
	at org.springframework.aop.framework.ReflectiveMethodInvocation.proceed(ReflectiveMethodInvocation.java:186)
	at org.springframework.dao.support.PersistenceExceptionTranslationInterceptor.invoke(PersistenceExceptionTranslationInterceptor.java:137)
	... 68 common frames omitted
Caused by: java.sql.SQLException: Access denied for user 'root'@'localhost' (using password: NO)
	at com.mysql.cj.jdbc.exceptions.SQLError.createSQLException(SQLError.java:130)
	at com.mysql.cj.jdbc.exceptions.SQLExceptionsMapping.translateException(SQLExceptionsMapping.java:122)
	at com.mysql.cj.jdbc.ConnectionImpl.createNewIO(ConnectionImpl.java:825)
	at com.mysql.cj.jdbc.ConnectionImpl.<init>(ConnectionImpl.java:446)
	at com.mysql.cj.jdbc.ConnectionImpl.getInstance(ConnectionImpl.java:239)
	at com.mysql.cj.jdbc.NonRegisteringDriver.connect(NonRegisteringDriver.java:188)
	at com.zaxxer.hikari.util.DriverDataSource.getConnection(DriverDataSource.java:138)
	at com.zaxxer.hikari.pool.PoolBase.newConnection(PoolBase.java:364)
	at com.zaxxer.hikari.pool.PoolBase.newPoolEntry(PoolBase.java:206)
	at com.zaxxer.hikari.pool.HikariPool.createPoolEntry(HikariPool.java:476)
	at com.zaxxer.hikari.pool.HikariPool.checkFailFast(HikariPool.java:561)
	at com.zaxxer.hikari.pool.HikariPool.<init>(HikariPool.java:115)
	at com.zaxxer.hikari.HikariDataSource.getConnection(HikariDataSource.java:112)
	at org.hibernate.engine.jdbc.connections.internal.DatasourceConnectionProviderImpl.getConnection(DatasourceConnectionProviderImpl.java:122)
	at org.hibernate.internal.NonContextualJdbcConnectionAccess.obtainConnection(NonContextualJdbcConnectionAccess.java:38)
	at org.hibernate.resource.jdbc.internal.LogicalConnectionManagedImpl.acquireConnectionIfNeeded(LogicalConnectionManagedImpl.java:108)
	... 108 common frames omitted
[WARN ] [http-nio-8082-exec-4] [19112023 16:46:42] [org.hibernate.engine.jdbc.spi.SqlExceptionHelper[137]] SQL Error: 1045, SQLState: 28000 
[ERROR] [http-nio-8082-exec-4] [19112023 16:46:42] [org.hibernate.engine.jdbc.spi.SqlExceptionHelper[142]] Access denied for user 'root'@'localhost' (using password: NO) 
[ERROR] [http-nio-8082-exec-4] [19112023 16:46:42] [com.example.modeladov1.security.JWTAuthenticationFilter[240]] An internal error occurred while trying to authenticate the user. 
org.springframework.security.authentication.InternalAuthenticationServiceException: Unable to acquire JDBC Connection; nested exception is org.hibernate.exception.GenericJDBCException: Unable to acquire JDBC Connection
	at org.springframework.security.authentication.dao.DaoAuthenticationProvider.retrieveUser(DaoAuthenticationProvider.java:109)
	at org.springframework.security.authentication.dao.AbstractUserDetailsAuthenticationProvider.authenticate(AbstractUserDetailsAuthenticationProvider.java:133)
	at org.springframework.security.authentication.ProviderManager.authenticate(ProviderManager.java:182)
	at com.example.modeladov1.security.JWTAuthenticationFilter.attemptAuthentication(JWTAuthenticationFilter.java:39)
	at org.springframework.security.web.authentication.AbstractAuthenticationProcessingFilter.doFilter(AbstractAuthenticationProcessingFilter.java:227)
	at org.springframework.security.web.authentication.AbstractAuthenticationProcessingFilter.doFilter(AbstractAuthenticationProcessingFilter.java:217)
	at org.springframework.security.web.FilterChainProxy$VirtualFilterChain.doFilter(FilterChainProxy.java:346)
	at com.example.modeladov1.security.JWTAuthorizationFilter.doFilterInternal(JWTAuthorizationFilter.java:26)
	at org.springframework.web.filter.OncePerRequestFilter.doFilter(OncePerRequestFilter.java:117)
	at org.springframework.security.web.FilterChainProxy$VirtualFilterChain.doFilter(FilterChainProxy.java:346)
	at org.springframework.security.web.authentication.logout.LogoutFilter.doFilter(LogoutFilter.java:103)
	at org.springframework.security.web.authentication.logout.LogoutFilter.doFilter(LogoutFilter.java:89)
	at org.springframework.security.web.FilterChainProxy$VirtualFilterChain.doFilter(FilterChainProxy.java:346)
	at org.springframework.security.web.header.HeaderWriterFilter.doHeadersAfter(HeaderWriterFilter.java:90)
	at org.springframework.security.web.header.HeaderWriterFilter.doFilterInternal(HeaderWriterFilter.java:75)
	at org.springframework.web.filter.OncePerRequestFilter.doFilter(OncePerRequestFilter.java:117)
	at org.springframework.security.web.FilterChainProxy$VirtualFilterChain.doFilter(FilterChainProxy.java:346)
	at org.springframework.security.web.context.SecurityContextPersistenceFilter.doFilter(SecurityContextPersistenceFilter.java:112)
	at org.springframework.security.web.context.SecurityContextPersistenceFilter.doFilter(SecurityContextPersistenceFilter.java:82)
	at org.springframework.security.web.FilterChainProxy$VirtualFilterChain.doFilter(FilterChainProxy.java:346)
	at org.springframework.security.web.context.request.async.WebAsyncManagerIntegrationFilter.doFilterInternal(WebAsyncManagerIntegrationFilter.java:55)
	at org.springframework.web.filter.OncePerRequestFilter.doFilter(OncePerRequestFilter.java:117)
	at org.springframework.security.web.FilterChainProxy$VirtualFilterChain.doFilter(FilterChainProxy.java:346)
	at org.springframework.security.web.session.DisableEncodeUrlFilter.doFilterInternal(DisableEncodeUrlFilter.java:42)
	at org.springframework.web.filter.OncePerRequestFilter.doFilter(OncePerRequestFilter.java:117)
	at org.springframework.security.web.FilterChainProxy$VirtualFilterChain.doFilter(FilterChainProxy.java:346)
	at org.springframework.security.web.FilterChainProxy.doFilterInternal(FilterChainProxy.java:221)
	at org.springframework.security.web.FilterChainProxy.doFilter(FilterChainProxy.java:186)
	at org.springframework.web.filter.DelegatingFilterProxy.invokeDelegate(DelegatingFilterProxy.java:354)
	at org.springframework.web.filter.DelegatingFilterProxy.doFilter(DelegatingFilterProxy.java:267)
	at org.apache.catalina.core.ApplicationFilterChain.internalDoFilter(ApplicationFilterChain.java:178)
	at org.apache.catalina.core.ApplicationFilterChain.doFilter(ApplicationFilterChain.java:153)
	at org.springframework.web.filter.RequestContextFilter.doFilterInternal(RequestContextFilter.java:100)
	at org.springframework.web.filter.OncePerRequestFilter.doFilter(OncePerRequestFilter.java:117)
	at org.apache.catalina.core.ApplicationFilterChain.internalDoFilter(ApplicationFilterChain.java:178)
	at org.apache.catalina.core.ApplicationFilterChain.doFilter(ApplicationFilterChain.java:153)
	at org.springframework.web.filter.FormContentFilter.doFilterInternal(FormContentFilter.java:93)
	at org.springframework.web.filter.OncePerRequestFilter.doFilter(OncePerRequestFilter.java:117)
	at org.apache.catalina.core.ApplicationFilterChain.internalDoFilter(ApplicationFilterChain.java:178)
	at org.apache.catalina.core.ApplicationFilterChain.doFilter(ApplicationFilterChain.java:153)
	at org.springframework.web.filter.CharacterEncodingFilter.doFilterInternal(CharacterEncodingFilter.java:201)
	at org.springframework.web.filter.OncePerRequestFilter.doFilter(OncePerRequestFilter.java:117)
	at org.apache.catalina.core.ApplicationFilterChain.internalDoFilter(ApplicationFilterChain.java:178)
	at org.apache.catalina.core.ApplicationFilterChain.doFilter(ApplicationFilterChain.java:153)
	at org.apache.catalina.core.StandardWrapperValve.invoke(StandardWrapperValve.java:168)
	at org.apache.catalina.core.StandardContextValve.invoke(StandardContextValve.java:90)
	at org.apache.catalina.authenticator.AuthenticatorBase.invoke(AuthenticatorBase.java:481)
	at org.apache.catalina.core.StandardHostValve.invoke(StandardHostValve.java:130)
	at org.apache.catalina.valves.ErrorReportValve.invoke(ErrorReportValve.java:93)
	at org.apache.catalina.core.StandardEngineValve.invoke(StandardEngineValve.java:74)
	at org.apache.catalina.connector.CoyoteAdapter.service(CoyoteAdapter.java:343)
	at org.apache.coyote.http11.Http11Processor.service(Http11Processor.java:390)
	at org.apache.coyote.AbstractProcessorLight.process(AbstractProcessorLight.java:63)
	at org.apache.coyote.AbstractProtocol$ConnectionHandler.process(AbstractProtocol.java:926)
	at org.apache.tomcat.util.net.NioEndpoint$SocketProcessor.doRun(NioEndpoint.java:1790)
	at org.apache.tomcat.util.net.SocketProcessorBase.run(SocketProcessorBase.java:52)
	at org.apache.tomcat.util.threads.ThreadPoolExecutor.runWorker(ThreadPoolExecutor.java:1191)
	at org.apache.tomcat.util.threads.ThreadPoolExecutor$Worker.run(ThreadPoolExecutor.java:659)
	at org.apache.tomcat.util.threads.TaskThread$WrappingRunnable.run(TaskThread.java:61)
	at java.base/java.lang.Thread.run(Thread.java:1623)
Caused by: org.springframework.orm.jpa.JpaSystemException: Unable to acquire JDBC Connection; nested exception is org.hibernate.exception.GenericJDBCException: Unable to acquire JDBC Connection
	at org.springframework.orm.jpa.vendor.HibernateJpaDialect.convertHibernateAccessException(HibernateJpaDialect.java:331)
	at org.springframework.orm.jpa.vendor.HibernateJpaDialect.translateExceptionIfPossible(HibernateJpaDialect.java:233)
	at org.springframework.orm.jpa.AbstractEntityManagerFactoryBean.translateExceptionIfPossible(AbstractEntityManagerFactoryBean.java:551)
	at org.springframework.dao.support.ChainedPersistenceExceptionTranslator.translateExceptionIfPossible(ChainedPersistenceExceptionTranslator.java:61)
	at org.springframework.dao.support.DataAccessUtils.translateIfNecessary(DataAccessUtils.java:243)
	at org.springframework.dao.support.PersistenceExceptionTranslationInterceptor.invoke(PersistenceExceptionTranslationInterceptor.java:152)
	at org.springframework.aop.framework.ReflectiveMethodInvocation.proceed(ReflectiveMethodInvocation.java:186)
	at org.springframework.data.jpa.repository.support.CrudMethodMetadataPostProcessor$CrudMethodMetadataPopulatingMethodInterceptor.invoke(CrudMethodMetadataPostProcessor.java:145)
	at org.springframework.aop.framework.ReflectiveMethodInvocation.proceed(ReflectiveMethodInvocation.java:186)
	at org.springframework.aop.interceptor.ExposeInvocationInterceptor.invoke(ExposeInvocationInterceptor.java:97)
	at org.springframework.aop.framework.ReflectiveMethodInvocation.proceed(ReflectiveMethodInvocation.java:186)
	at org.springframework.aop.framework.JdkDynamicAopProxy.invoke(JdkDynamicAopProxy.java:241)
	at jdk.proxy3/jdk.proxy3.$Proxy132.findOneByEmail(Unknown Source)
	at com.example.modeladov1.security.UserDetailServiceImpl.loadUserByUsername(UserDetailServiceImpl.java:21)
	at org.springframework.security.authentication.dao.DaoAuthenticationProvider.retrieveUser(DaoAuthenticationProvider.java:94)
	... 59 common frames omitted
Caused by: org.hibernate.exception.GenericJDBCException: Unable to acquire JDBC Connection
	at org.hibernate.exception.internal.StandardSQLExceptionConverter.convert(StandardSQLExceptionConverter.java:42)
	at org.hibernate.engine.jdbc.spi.SqlExceptionHelper.convert(SqlExceptionHelper.java:113)
	at org.hibernate.engine.jdbc.spi.SqlExceptionHelper.convert(SqlExceptionHelper.java:99)
	at org.hibernate.resource.jdbc.internal.LogicalConnectionManagedImpl.acquireConnectionIfNeeded(LogicalConnectionManagedImpl.java:111)
	at org.hibernate.resource.jdbc.internal.LogicalConnectionManagedImpl.getPhysicalConnection(LogicalConnectionManagedImpl.java:138)
	at org.hibernate.engine.jdbc.internal.StatementPreparerImpl.connection(StatementPreparerImpl.java:50)
	at org.hibernate.engine.jdbc.internal.StatementPreparerImpl$5.doPrepare(StatementPreparerImpl.java:149)
	at org.hibernate.engine.jdbc.internal.StatementPreparerImpl$StatementPreparationTemplate.prepareStatement(StatementPreparerImpl.java:176)
	at org.hibernate.engine.jdbc.internal.StatementPreparerImpl.prepareQueryStatement(StatementPreparerImpl.java:151)
	at org.hibernate.loader.Loader.prepareQueryStatement(Loader.java:2122)
	at org.hibernate.loader.Loader.executeQueryStatement(Loader.java:2059)
	at org.hibernate.loader.Loader.executeQueryStatement(Loader.java:2037)
	at org.hibernate.loader.Loader.doQuery(Loader.java:956)
	at org.hibernate.loader.Loader.doQueryAndInitializeNonLazyCollections(Loader.java:357)
	at org.hibernate.loader.Loader.doList(Loader.java:2868)
	at org.hibernate.loader.Loader.doList(Loader.java:2850)
	at org.hibernate.loader.Loader.listIgnoreQueryCache(Loader.java:2682)
	at org.hibernate.loader.Loader.list(Loader.java:2677)
	at org.hibernate.loader.hql.QueryLoader.list(QueryLoader.java:540)
	at org.hibernate.hql.internal.ast.QueryTranslatorImpl.list(QueryTranslatorImpl.java:400)
	at org.hibernate.engine.query.spi.HQLQueryPlan.performList(HQLQueryPlan.java:218)
	at org.hibernate.internal.SessionImpl.list(SessionImpl.java:1459)
	at org.hibernate.query.internal.AbstractProducedQuery.doList(AbstractProducedQuery.java:1649)
	at org.hibernate.query.internal.AbstractProducedQuery.list(AbstractProducedQuery.java:1617)
	at org.hibernate.query.internal.AbstractProducedQuery.getSingleResult(AbstractProducedQuery.java:1665)
	at org.hibernate.query.criteria.internal.compile.CriteriaQueryTypeQueryAdapter.getSingleResult(CriteriaQueryTypeQueryAdapter.java:111)
	at java.base/jdk.internal.reflect.DirectMethodHandleAccessor.invoke(DirectMethodHandleAccessor.java:104)
	at java.base/java.lang.reflect.Method.invoke(Method.java:578)
	at org.springframework.orm.jpa.SharedEntityManagerCreator$DeferredQueryInvocationHandler.invoke(SharedEntityManagerCreator.java:410)
	at jdk.proxy3/jdk.proxy3.$Proxy154.getSingleResult(Unknown Source)
	at org.springframework.data.jpa.repository.query.JpaQueryExecution$SingleEntityExecution.doExecute(JpaQueryExecution.java:198)
	at org.springframework.data.jpa.repository.query.JpaQueryExecution.execute(JpaQueryExecution.java:90)
	at org.springframework.data.jpa.repository.query.AbstractJpaQuery.doExecute(AbstractJpaQuery.java:156)
	at org.springframework.data.jpa.repository.query.AbstractJpaQuery.execute(AbstractJpaQuery.java:144)
	at org.springframework.data.repository.core.support.RepositoryMethodInvoker.doInvoke(RepositoryMethodInvoker.java:137)
	at org.springframework.data.repository.core.support.RepositoryMethodInvoker.invoke(RepositoryMethodInvoker.java:121)
	at org.springframework.data.repository.core.support.QueryExecutorMethodInterceptor.doInvoke(QueryExecutorMethodInterceptor.java:160)
	at org.springframework.data.repository.core.support.QueryExecutorMethodInterceptor.invoke(QueryExecutorMethodInterceptor.java:139)
	at org.springframework.aop.framework.ReflectiveMethodInvocation.proceed(ReflectiveMethodInvocation.java:186)
	at org.springframework.transaction.interceptor.TransactionInterceptor$1.proceedWithInvocation(TransactionInterceptor.java:123)
	at org.springframework.transaction.interceptor.TransactionAspectSupport.invokeWithinTransaction(TransactionAspectSupport.java:388)
	at org.springframework.transaction.interceptor.TransactionInterceptor.invoke(TransactionInterceptor.java:119)
	at org.springframework.aop.framework.ReflectiveMethodInvocation.proceed(ReflectiveMethodInvocation.java:186)
	at org.springframework.dao.support.PersistenceExceptionTranslationInterceptor.invoke(PersistenceExceptionTranslationInterceptor.java:137)
	... 68 common frames omitted
Caused by: java.sql.SQLException: Access denied for user 'root'@'localhost' (using password: NO)
	at com.mysql.cj.jdbc.exceptions.SQLError.createSQLException(SQLError.java:130)
	at com.mysql.cj.jdbc.exceptions.SQLExceptionsMapping.translateException(SQLExceptionsMapping.java:122)
	at com.mysql.cj.jdbc.ConnectionImpl.createNewIO(ConnectionImpl.java:825)
	at com.mysql.cj.jdbc.ConnectionImpl.<init>(ConnectionImpl.java:446)
	at com.mysql.cj.jdbc.ConnectionImpl.getInstance(ConnectionImpl.java:239)
	at com.mysql.cj.jdbc.NonRegisteringDriver.connect(NonRegisteringDriver.java:188)
	at com.zaxxer.hikari.util.DriverDataSource.getConnection(DriverDataSource.java:138)
	at com.zaxxer.hikari.pool.PoolBase.newConnection(PoolBase.java:364)
	at com.zaxxer.hikari.pool.PoolBase.newPoolEntry(PoolBase.java:206)
	at com.zaxxer.hikari.pool.HikariPool.createPoolEntry(HikariPool.java:476)
	at com.zaxxer.hikari.pool.HikariPool.checkFailFast(HikariPool.java:561)
	at com.zaxxer.hikari.pool.HikariPool.<init>(HikariPool.java:115)
	at com.zaxxer.hikari.HikariDataSource.getConnection(HikariDataSource.java:112)
	at org.hibernate.engine.jdbc.connections.internal.DatasourceConnectionProviderImpl.getConnection(DatasourceConnectionProviderImpl.java:122)
	at org.hibernate.internal.NonContextualJdbcConnectionAccess.obtainConnection(NonContextualJdbcConnectionAccess.java:38)
	at org.hibernate.resource.jdbc.internal.LogicalConnectionManagedImpl.acquireConnectionIfNeeded(LogicalConnectionManagedImpl.java:108)
	... 108 common frames omitted
[INFO ] [SpringApplicationShutdownHook] [19112023 16:47:29] [org.springframework.orm.jpa.LocalContainerEntityManagerFactoryBean[651]] Closing JPA EntityManagerFactory for persistence unit 'blockbusterp' 
[INFO ] [restartedMain] [19112023 16:47:36] [com.example.modeladov1.Modeladov1Application[55]] Starting Modeladov1Application using Java 20.0.2 on PCANDRES with PID 13352 (C:\Users\andre\OneDrive\Documents\SpringBoot Projects\modeladov1\target\classes started by andre in C:\Users\andre\OneDrive\Documents\SpringBoot Projects\modeladov1) 
[INFO ] [restartedMain] [19112023 16:47:36] [com.example.modeladov1.Modeladov1Application[631]] No active profile set, falling back to 1 default profile: "default" 
[INFO ] [restartedMain] [19112023 16:47:36] [org.springframework.boot.devtools.env.DevToolsPropertyDefaultsPostProcessor[255]] Devtools property defaults active! Set 'spring.devtools.add-properties' to 'false' to disable 
[INFO ] [restartedMain] [19112023 16:47:36] [org.springframework.boot.devtools.env.DevToolsPropertyDefaultsPostProcessor[255]] For additional web related logging consider setting the 'logging.level.web' property to 'DEBUG' 
[INFO ] [restartedMain] [19112023 16:47:38] [org.springframework.data.repository.config.RepositoryConfigurationDelegate[132]] Bootstrapping Spring Data JPA repositories in DEFAULT mode. 
[INFO ] [restartedMain] [19112023 16:47:38] [org.springframework.data.repository.config.RepositoryConfigurationDelegate[201]] Finished Spring Data repository scanning in 199 ms. Found 18 JPA repository interfaces. 
[INFO ] [restartedMain] [19112023 16:47:41] [org.springframework.boot.web.embedded.tomcat.TomcatWebServer[108]] Tomcat initialized with port(s): 8082 (http) 
[INFO ] [restartedMain] [19112023 16:47:41] [org.springframework.boot.web.servlet.context.ServletWebServerApplicationContext[292]] Root WebApplicationContext: initialization completed in 4657 ms 
[WARN ] [restartedMain] [19112023 16:47:44] [org.hibernate.engine.jdbc.env.internal.JdbcEnvironmentInitiator[133]] HHH000342: Could not obtain connection to query metadata 
java.sql.SQLException: Access denied for user 'admin_root'@'localhost' (using password: YES)
	at com.mysql.cj.jdbc.exceptions.SQLError.createSQLException(SQLError.java:130)
	at com.mysql.cj.jdbc.exceptions.SQLExceptionsMapping.translateException(SQLExceptionsMapping.java:122)
	at com.mysql.cj.jdbc.ConnectionImpl.createNewIO(ConnectionImpl.java:825)
	at com.mysql.cj.jdbc.ConnectionImpl.<init>(ConnectionImpl.java:446)
	at com.mysql.cj.jdbc.ConnectionImpl.getInstance(ConnectionImpl.java:239)
	at com.mysql.cj.jdbc.NonRegisteringDriver.connect(NonRegisteringDriver.java:188)
	at com.zaxxer.hikari.util.DriverDataSource.getConnection(DriverDataSource.java:138)
	at com.zaxxer.hikari.pool.PoolBase.newConnection(PoolBase.java:364)
	at com.zaxxer.hikari.pool.PoolBase.newPoolEntry(PoolBase.java:206)
	at com.zaxxer.hikari.pool.HikariPool.createPoolEntry(HikariPool.java:476)
	at com.zaxxer.hikari.pool.HikariPool.checkFailFast(HikariPool.java:561)
	at com.zaxxer.hikari.pool.HikariPool.<init>(HikariPool.java:115)
	at com.zaxxer.hikari.HikariDataSource.getConnection(HikariDataSource.java:112)
	at org.hibernate.engine.jdbc.connections.internal.DatasourceConnectionProviderImpl.getConnection(DatasourceConnectionProviderImpl.java:122)
	at org.hibernate.engine.jdbc.env.internal.JdbcEnvironmentInitiator$ConnectionProviderJdbcConnectionAccess.obtainConnection(JdbcEnvironmentInitiator.java:181)
	at org.hibernate.engine.jdbc.env.internal.JdbcEnvironmentInitiator.initiateService(JdbcEnvironmentInitiator.java:68)
	at org.hibernate.engine.jdbc.env.internal.JdbcEnvironmentInitiator.initiateService(JdbcEnvironmentInitiator.java:35)
	at org.hibernate.boot.registry.internal.StandardServiceRegistryImpl.initiateService(StandardServiceRegistryImpl.java:101)
	at org.hibernate.service.internal.AbstractServiceRegistryImpl.createService(AbstractServiceRegistryImpl.java:272)
	at org.hibernate.service.internal.AbstractServiceRegistryImpl.initializeService(AbstractServiceRegistryImpl.java:246)
	at org.hibernate.service.internal.AbstractServiceRegistryImpl.getService(AbstractServiceRegistryImpl.java:223)
	at org.hibernate.id.factory.internal.DefaultIdentifierGeneratorFactory.injectServices(DefaultIdentifierGeneratorFactory.java:175)
	at org.hibernate.service.internal.AbstractServiceRegistryImpl.injectDependencies(AbstractServiceRegistryImpl.java:295)
	at org.hibernate.service.internal.AbstractServiceRegistryImpl.initializeService(AbstractServiceRegistryImpl.java:252)
	at org.hibernate.service.internal.AbstractServiceRegistryImpl.getService(AbstractServiceRegistryImpl.java:223)
	at org.hibernate.boot.internal.InFlightMetadataCollectorImpl.<init>(InFlightMetadataCollectorImpl.java:173)
	at org.hibernate.boot.model.process.spi.MetadataBuildingProcess.complete(MetadataBuildingProcess.java:127)
	at org.hibernate.jpa.boot.internal.EntityManagerFactoryBuilderImpl.metadata(EntityManagerFactoryBuilderImpl.java:1460)
	at org.hibernate.jpa.boot.internal.EntityManagerFactoryBuilderImpl.build(EntityManagerFactoryBuilderImpl.java:1494)
	at org.springframework.orm.jpa.vendor.SpringHibernateJpaPersistenceProvider.createContainerEntityManagerFactory(SpringHibernateJpaPersistenceProvider.java:58)
	at org.springframework.orm.jpa.LocalContainerEntityManagerFactoryBean.createNativeEntityManagerFactory(LocalContainerEntityManagerFactoryBean.java:365)
	at org.springframework.orm.jpa.AbstractEntityManagerFactoryBean.buildNativeEntityManagerFactory(AbstractEntityManagerFactoryBean.java:409)
	at org.springframework.orm.jpa.AbstractEntityManagerFactoryBean.afterPropertiesSet(AbstractEntityManagerFactoryBean.java:396)
	at org.springframework.orm.jpa.LocalContainerEntityManagerFactoryBean.afterPropertiesSet(LocalContainerEntityManagerFactoryBean.java:341)
	at org.springframework.beans.factory.support.AbstractAutowireCapableBeanFactory.invokeInitMethods(AbstractAutowireCapableBeanFactory.java:1863)
	at org.springframework.beans.factory.support.AbstractAutowireCapableBeanFactory.initializeBean(AbstractAutowireCapableBeanFactory.java:1800)
	at org.springframework.beans.factory.support.AbstractAutowireCapableBeanFactory.doCreateBean(AbstractAutowireCapableBeanFactory.java:620)
	at org.springframework.beans.factory.support.AbstractAutowireCapableBeanFactory.createBean(AbstractAutowireCapableBeanFactory.java:542)
	at org.springframework.beans.factory.support.AbstractBeanFactory.lambda$doGetBean$0(AbstractBeanFactory.java:335)
	at org.springframework.beans.factory.support.DefaultSingletonBeanRegistry.getSingleton(DefaultSingletonBeanRegistry.java:234)
	at org.springframework.beans.factory.support.AbstractBeanFactory.doGetBean(AbstractBeanFactory.java:333)
	at org.springframework.beans.factory.support.AbstractBeanFactory.getBean(AbstractBeanFactory.java:208)
	at org.springframework.context.support.AbstractApplicationContext.getBean(AbstractApplicationContext.java:1160)
	at org.springframework.context.support.AbstractApplicationContext.finishBeanFactoryInitialization(AbstractApplicationContext.java:911)
	at org.springframework.context.support.AbstractApplicationContext.refresh(AbstractApplicationContext.java:583)
	at org.springframework.boot.web.servlet.context.ServletWebServerApplicationContext.refresh(ServletWebServerApplicationContext.java:147)
	at org.springframework.boot.SpringApplication.refresh(SpringApplication.java:731)
	at org.springframework.boot.SpringApplication.refreshContext(SpringApplication.java:408)
	at org.springframework.boot.SpringApplication.run(SpringApplication.java:307)
	at org.springframework.boot.SpringApplication.run(SpringApplication.java:1303)
	at org.springframework.boot.SpringApplication.run(SpringApplication.java:1292)
	at com.example.modeladov1.Modeladov1Application.main(Modeladov1Application.java:10)
	at java.base/jdk.internal.reflect.DirectMethodHandleAccessor.invoke(DirectMethodHandleAccessor.java:104)
	at java.base/java.lang.reflect.Method.invoke(Method.java:578)
	at org.springframework.boot.devtools.restart.RestartLauncher.run(RestartLauncher.java:50)
[INFO ] [restartedMain] [19112023 16:47:46] [org.springframework.orm.jpa.LocalContainerEntityManagerFactoryBean[437]] Initialized JPA EntityManagerFactory for persistence unit 'blockbusterp' 
[WARN ] [restartedMain] [19112023 16:47:48] [org.springframework.boot.autoconfigure.orm.jpa.JpaBaseConfiguration$JpaWebConfiguration[223]] spring.jpa.open-in-view is enabled by default. Therefore, database queries may be performed during view rendering. Explicitly configure spring.jpa.open-in-view to disable this warning 
[INFO ] [restartedMain] [19112023 16:47:49] [org.springframework.security.web.DefaultSecurityFilterChain[55]] Will secure any request with [org.springframework.security.web.session.DisableEncodeUrlFilter@121a211a, org.springframework.security.web.context.request.async.WebAsyncManagerIntegrationFilter@48d95d27, org.springframework.security.web.context.SecurityContextPersistenceFilter@73926fa8, org.springframework.security.web.header.HeaderWriterFilter@252af373, org.springframework.security.web.authentication.logout.LogoutFilter@2031cb12, com.example.modeladov1.security.JWTAuthorizationFilter@174854be, com.example.modeladov1.security.JWTAuthenticationFilter@24d99257, org.springframework.security.web.authentication.www.BasicAuthenticationFilter@7765bf89, org.springframework.security.web.savedrequest.RequestCacheAwareFilter@71108d3c, org.springframework.security.web.servletapi.SecurityContextHolderAwareRequestFilter@6f694179, org.springframework.security.web.authentication.AnonymousAuthenticationFilter@56538ed4, org.springframework.security.web.session.SessionManagementFilter@3a695393, org.springframework.security.web.access.ExceptionTranslationFilter@384785ae, org.springframework.security.web.access.intercept.FilterSecurityInterceptor@c63177] 
[INFO ] [restartedMain] [19112023 16:47:50] [org.springframework.boot.devtools.autoconfigure.OptionalLiveReloadServer[59]] LiveReload server is running on port 35729 
[INFO ] [restartedMain] [19112023 16:47:50] [org.springframework.boot.web.embedded.tomcat.TomcatWebServer[220]] Tomcat started on port(s): 8082 (http) with context path '/blockbuster-wsp' 
[INFO ] [restartedMain] [19112023 16:47:51] [com.example.modeladov1.Modeladov1Application[61]] Started Modeladov1Application in 16.943 seconds (JVM running for 19.461) 
[INFO ] [File Watcher] [19112023 16:47:52] [org.springframework.boot.devtools.autoconfigure.LocalDevToolsAutoConfiguration$RestartingClassPathChangeChangedEventListener[211]] Restarting due to 1 class path change (0 additions, 0 deletions, 1 modification) 
[INFO ] [Thread-4] [19112023 16:47:52] [org.springframework.orm.jpa.LocalContainerEntityManagerFactoryBean[651]] Closing JPA EntityManagerFactory for persistence unit 'blockbusterp' 
[INFO ] [restartedMain] [19112023 16:47:52] [com.example.modeladov1.Modeladov1Application[55]] Starting Modeladov1Application using Java 20.0.2 on PCANDRES with PID 13352 (C:\Users\andre\OneDrive\Documents\SpringBoot Projects\modeladov1\target\classes started by andre in C:\Users\andre\OneDrive\Documents\SpringBoot Projects\modeladov1) 
[INFO ] [restartedMain] [19112023 16:47:52] [com.example.modeladov1.Modeladov1Application[631]] No active profile set, falling back to 1 default profile: "default" 
[INFO ] [restartedMain] [19112023 16:47:53] [org.springframework.data.repository.config.RepositoryConfigurationDelegate[132]] Bootstrapping Spring Data JPA repositories in DEFAULT mode. 
[INFO ] [restartedMain] [19112023 16:47:53] [org.springframework.data.repository.config.RepositoryConfigurationDelegate[201]] Finished Spring Data repository scanning in 114 ms. Found 18 JPA repository interfaces. 
[INFO ] [restartedMain] [19112023 16:47:53] [org.springframework.boot.web.embedded.tomcat.TomcatWebServer[108]] Tomcat initialized with port(s): 8082 (http) 
[INFO ] [restartedMain] [19112023 16:47:53] [org.springframework.boot.web.servlet.context.ServletWebServerApplicationContext[292]] Root WebApplicationContext: initialization completed in 1311 ms 
[WARN ] [restartedMain] [19112023 16:47:55] [org.hibernate.engine.jdbc.env.internal.JdbcEnvironmentInitiator[133]] HHH000342: Could not obtain connection to query metadata 
java.sql.SQLSyntaxErrorException: Access denied for user 'admin'@'%' to database 'blocbuster'
	at com.mysql.cj.jdbc.exceptions.SQLError.createSQLException(SQLError.java:121)
	at com.mysql.cj.jdbc.exceptions.SQLExceptionsMapping.translateException(SQLExceptionsMapping.java:122)
	at com.mysql.cj.jdbc.ConnectionImpl.createNewIO(ConnectionImpl.java:825)
	at com.mysql.cj.jdbc.ConnectionImpl.<init>(ConnectionImpl.java:446)
	at com.mysql.cj.jdbc.ConnectionImpl.getInstance(ConnectionImpl.java:239)
	at com.mysql.cj.jdbc.NonRegisteringDriver.connect(NonRegisteringDriver.java:188)
	at com.zaxxer.hikari.util.DriverDataSource.getConnection(DriverDataSource.java:138)
	at com.zaxxer.hikari.pool.PoolBase.newConnection(PoolBase.java:364)
	at com.zaxxer.hikari.pool.PoolBase.newPoolEntry(PoolBase.java:206)
	at com.zaxxer.hikari.pool.HikariPool.createPoolEntry(HikariPool.java:476)
	at com.zaxxer.hikari.pool.HikariPool.checkFailFast(HikariPool.java:561)
	at com.zaxxer.hikari.pool.HikariPool.<init>(HikariPool.java:115)
	at com.zaxxer.hikari.HikariDataSource.getConnection(HikariDataSource.java:112)
	at org.hibernate.engine.jdbc.connections.internal.DatasourceConnectionProviderImpl.getConnection(DatasourceConnectionProviderImpl.java:122)
	at org.hibernate.engine.jdbc.env.internal.JdbcEnvironmentInitiator$ConnectionProviderJdbcConnectionAccess.obtainConnection(JdbcEnvironmentInitiator.java:181)
	at org.hibernate.engine.jdbc.env.internal.JdbcEnvironmentInitiator.initiateService(JdbcEnvironmentInitiator.java:68)
	at org.hibernate.engine.jdbc.env.internal.JdbcEnvironmentInitiator.initiateService(JdbcEnvironmentInitiator.java:35)
	at org.hibernate.boot.registry.internal.StandardServiceRegistryImpl.initiateService(StandardServiceRegistryImpl.java:101)
	at org.hibernate.service.internal.AbstractServiceRegistryImpl.createService(AbstractServiceRegistryImpl.java:272)
	at org.hibernate.service.internal.AbstractServiceRegistryImpl.initializeService(AbstractServiceRegistryImpl.java:246)
	at org.hibernate.service.internal.AbstractServiceRegistryImpl.getService(AbstractServiceRegistryImpl.java:223)
	at org.hibernate.id.factory.internal.DefaultIdentifierGeneratorFactory.injectServices(DefaultIdentifierGeneratorFactory.java:175)
	at org.hibernate.service.internal.AbstractServiceRegistryImpl.injectDependencies(AbstractServiceRegistryImpl.java:295)
	at org.hibernate.service.internal.AbstractServiceRegistryImpl.initializeService(AbstractServiceRegistryImpl.java:252)
	at org.hibernate.service.internal.AbstractServiceRegistryImpl.getService(AbstractServiceRegistryImpl.java:223)
	at org.hibernate.boot.internal.InFlightMetadataCollectorImpl.<init>(InFlightMetadataCollectorImpl.java:173)
	at org.hibernate.boot.model.process.spi.MetadataBuildingProcess.complete(MetadataBuildingProcess.java:127)
	at org.hibernate.jpa.boot.internal.EntityManagerFactoryBuilderImpl.metadata(EntityManagerFactoryBuilderImpl.java:1460)
	at org.hibernate.jpa.boot.internal.EntityManagerFactoryBuilderImpl.build(EntityManagerFactoryBuilderImpl.java:1494)
	at org.springframework.orm.jpa.vendor.SpringHibernateJpaPersistenceProvider.createContainerEntityManagerFactory(SpringHibernateJpaPersistenceProvider.java:58)
	at org.springframework.orm.jpa.LocalContainerEntityManagerFactoryBean.createNativeEntityManagerFactory(LocalContainerEntityManagerFactoryBean.java:365)
	at org.springframework.orm.jpa.AbstractEntityManagerFactoryBean.buildNativeEntityManagerFactory(AbstractEntityManagerFactoryBean.java:409)
	at org.springframework.orm.jpa.AbstractEntityManagerFactoryBean.afterPropertiesSet(AbstractEntityManagerFactoryBean.java:396)
	at org.springframework.orm.jpa.LocalContainerEntityManagerFactoryBean.afterPropertiesSet(LocalContainerEntityManagerFactoryBean.java:341)
	at org.springframework.beans.factory.support.AbstractAutowireCapableBeanFactory.invokeInitMethods(AbstractAutowireCapableBeanFactory.java:1863)
	at org.springframework.beans.factory.support.AbstractAutowireCapableBeanFactory.initializeBean(AbstractAutowireCapableBeanFactory.java:1800)
	at org.springframework.beans.factory.support.AbstractAutowireCapableBeanFactory.doCreateBean(AbstractAutowireCapableBeanFactory.java:620)
	at org.springframework.beans.factory.support.AbstractAutowireCapableBeanFactory.createBean(AbstractAutowireCapableBeanFactory.java:542)
	at org.springframework.beans.factory.support.AbstractBeanFactory.lambda$doGetBean$0(AbstractBeanFactory.java:335)
	at org.springframework.beans.factory.support.DefaultSingletonBeanRegistry.getSingleton(DefaultSingletonBeanRegistry.java:234)
	at org.springframework.beans.factory.support.AbstractBeanFactory.doGetBean(AbstractBeanFactory.java:333)
	at org.springframework.beans.factory.support.AbstractBeanFactory.getBean(AbstractBeanFactory.java:208)
	at org.springframework.context.support.AbstractApplicationContext.getBean(AbstractApplicationContext.java:1160)
	at org.springframework.context.support.AbstractApplicationContext.finishBeanFactoryInitialization(AbstractApplicationContext.java:911)
	at org.springframework.context.support.AbstractApplicationContext.refresh(AbstractApplicationContext.java:583)
	at org.springframework.boot.web.servlet.context.ServletWebServerApplicationContext.refresh(ServletWebServerApplicationContext.java:147)
	at org.springframework.boot.SpringApplication.refresh(SpringApplication.java:731)
	at org.springframework.boot.SpringApplication.refreshContext(SpringApplication.java:408)
	at org.springframework.boot.SpringApplication.run(SpringApplication.java:307)
	at org.springframework.boot.SpringApplication.run(SpringApplication.java:1303)
	at org.springframework.boot.SpringApplication.run(SpringApplication.java:1292)
	at com.example.modeladov1.Modeladov1Application.main(Modeladov1Application.java:10)
	at java.base/jdk.internal.reflect.DirectMethodHandleAccessor.invoke(DirectMethodHandleAccessor.java:104)
	at java.base/java.lang.reflect.Method.invoke(Method.java:578)
	at org.springframework.boot.devtools.restart.RestartLauncher.run(RestartLauncher.java:50)
[INFO ] [restartedMain] [19112023 16:47:55] [org.springframework.orm.jpa.LocalContainerEntityManagerFactoryBean[437]] Initialized JPA EntityManagerFactory for persistence unit 'blockbusterp' 
[WARN ] [restartedMain] [19112023 16:47:56] [org.springframework.boot.autoconfigure.orm.jpa.JpaBaseConfiguration$JpaWebConfiguration[223]] spring.jpa.open-in-view is enabled by default. Therefore, database queries may be performed during view rendering. Explicitly configure spring.jpa.open-in-view to disable this warning 
[INFO ] [restartedMain] [19112023 16:47:56] [org.springframework.security.web.DefaultSecurityFilterChain[55]] Will secure any request with [org.springframework.security.web.session.DisableEncodeUrlFilter@77aa151d, org.springframework.security.web.context.request.async.WebAsyncManagerIntegrationFilter@47a0f489, org.springframework.security.web.context.SecurityContextPersistenceFilter@5ecdba87, org.springframework.security.web.header.HeaderWriterFilter@733d017a, org.springframework.security.web.authentication.logout.LogoutFilter@2ff566dc, com.example.modeladov1.security.JWTAuthorizationFilter@b62ddc, com.example.modeladov1.security.JWTAuthenticationFilter@4877426, org.springframework.security.web.authentication.www.BasicAuthenticationFilter@3a8e1d50, org.springframework.security.web.savedrequest.RequestCacheAwareFilter@46b38e0f, org.springframework.security.web.servletapi.SecurityContextHolderAwareRequestFilter@5d1e7172, org.springframework.security.web.authentication.AnonymousAuthenticationFilter@4ea98d7b, org.springframework.security.web.session.SessionManagementFilter@64e4ac97, org.springframework.security.web.access.ExceptionTranslationFilter@6c2e8918, org.springframework.security.web.access.intercept.FilterSecurityInterceptor@49c154b7] 
[INFO ] [restartedMain] [19112023 16:47:56] [org.springframework.boot.devtools.autoconfigure.OptionalLiveReloadServer[59]] LiveReload server is running on port 35729 
[INFO ] [restartedMain] [19112023 16:47:56] [org.springframework.boot.web.embedded.tomcat.TomcatWebServer[220]] Tomcat started on port(s): 8082 (http) with context path '/blockbuster-wsp' 
[INFO ] [restartedMain] [19112023 16:47:57] [com.example.modeladov1.Modeladov1Application[61]] Started Modeladov1Application in 4.546 seconds (JVM running for 24.672) 
[INFO ] [restartedMain] [19112023 16:47:57] [org.springframework.boot.devtools.autoconfigure.ConditionEvaluationDeltaLoggingListener[63]] Condition evaluation unchanged 
[INFO ] [SpringApplicationShutdownHook] [19112023 16:48:00] [org.springframework.orm.jpa.LocalContainerEntityManagerFactoryBean[651]] Closing JPA EntityManagerFactory for persistence unit 'blockbusterp' 
[INFO ] [restartedMain] [19112023 16:49:04] [com.example.modeladov1.Modeladov1Application[55]] Starting Modeladov1Application using Java 20.0.2 on PCANDRES with PID 21096 (C:\Users\andre\OneDrive\Documents\SpringBoot Projects\modeladov1\target\classes started by andre in C:\Users\andre\OneDrive\Documents\SpringBoot Projects\modeladov1) 
[INFO ] [restartedMain] [19112023 16:49:04] [com.example.modeladov1.Modeladov1Application[631]] No active profile set, falling back to 1 default profile: "default" 
[INFO ] [restartedMain] [19112023 16:49:04] [org.springframework.boot.devtools.env.DevToolsPropertyDefaultsPostProcessor[255]] Devtools property defaults active! Set 'spring.devtools.add-properties' to 'false' to disable 
[INFO ] [restartedMain] [19112023 16:49:04] [org.springframework.boot.devtools.env.DevToolsPropertyDefaultsPostProcessor[255]] For additional web related logging consider setting the 'logging.level.web' property to 'DEBUG' 
[INFO ] [restartedMain] [19112023 16:49:06] [org.springframework.data.repository.config.RepositoryConfigurationDelegate[132]] Bootstrapping Spring Data JPA repositories in DEFAULT mode. 
[INFO ] [restartedMain] [19112023 16:49:07] [org.springframework.data.repository.config.RepositoryConfigurationDelegate[201]] Finished Spring Data repository scanning in 203 ms. Found 18 JPA repository interfaces. 
[INFO ] [restartedMain] [19112023 16:49:09] [org.springframework.boot.web.embedded.tomcat.TomcatWebServer[108]] Tomcat initialized with port(s): 8082 (http) 
[INFO ] [restartedMain] [19112023 16:49:09] [org.springframework.boot.web.servlet.context.ServletWebServerApplicationContext[292]] Root WebApplicationContext: initialization completed in 4975 ms 
[INFO ] [restartedMain] [19112023 16:49:12] [org.springframework.orm.jpa.LocalContainerEntityManagerFactoryBean[437]] Initialized JPA EntityManagerFactory for persistence unit 'blockbusterp' 
[WARN ] [restartedMain] [19112023 16:49:14] [org.springframework.boot.autoconfigure.orm.jpa.JpaBaseConfiguration$JpaWebConfiguration[223]] spring.jpa.open-in-view is enabled by default. Therefore, database queries may be performed during view rendering. Explicitly configure spring.jpa.open-in-view to disable this warning 
[INFO ] [restartedMain] [19112023 16:49:14] [org.springframework.security.web.DefaultSecurityFilterChain[55]] Will secure any request with [org.springframework.security.web.session.DisableEncodeUrlFilter@481093cf, org.springframework.security.web.context.request.async.WebAsyncManagerIntegrationFilter@6e767b45, org.springframework.security.web.context.SecurityContextPersistenceFilter@218b4a0b, org.springframework.security.web.header.HeaderWriterFilter@7f467507, org.springframework.security.web.authentication.logout.LogoutFilter@7cab30ff, com.example.modeladov1.security.JWTAuthorizationFilter@2d7cb9fd, com.example.modeladov1.security.JWTAuthenticationFilter@5e551a46, org.springframework.security.web.authentication.www.BasicAuthenticationFilter@4d8d69a9, org.springframework.security.web.savedrequest.RequestCacheAwareFilter@6ae66343, org.springframework.security.web.servletapi.SecurityContextHolderAwareRequestFilter@4cc662e4, org.springframework.security.web.authentication.AnonymousAuthenticationFilter@177e4a77, org.springframework.security.web.session.SessionManagementFilter@6adbc031, org.springframework.security.web.access.ExceptionTranslationFilter@457370a7, org.springframework.security.web.access.intercept.FilterSecurityInterceptor@391af632] 
[INFO ] [restartedMain] [19112023 16:49:14] [org.springframework.boot.devtools.autoconfigure.OptionalLiveReloadServer[59]] LiveReload server is running on port 35729 
[INFO ] [restartedMain] [19112023 16:49:15] [org.springframework.boot.web.embedded.tomcat.TomcatWebServer[220]] Tomcat started on port(s): 8082 (http) with context path '/blockbuster-wsp' 
[INFO ] [restartedMain] [19112023 16:49:16] [com.example.modeladov1.Modeladov1Application[61]] Started Modeladov1Application in 13.395 seconds (JVM running for 15.57) 
[INFO ] [http-nio-8082-exec-1] [19112023 16:50:00] [org.springframework.web.servlet.DispatcherServlet[525]] Initializing Servlet 'dispatcherServlet' 
[INFO ] [http-nio-8082-exec-1] [19112023 16:50:00] [org.springframework.web.servlet.DispatcherServlet[547]] Completed initialization in 3 ms 
[ERROR] [http-nio-8082-exec-1] [19112023 16:50:01] [com.example.modeladov1.security.UserDetailServiceImpl[23]] Unauthorized error: org.springframework.security.core.userdetails.UsernameNotFoundException 
[INFO ] [http-nio-8082-exec-1] [19112023 16:50:02] [com.example.modeladov1.security.JWTAuthenticationFilter[47]] eyJhbGciOiJIUzI1NiJ9.eyJzdWIiOiJqdWFuQGV4YW1wbGUuY29tIiwiZXhwIjoxNzAzMDI2MjAyLCJyb2xlcyI6WyJST0xFX0FETUlOIl0sIm5vbWJyZSI6Ikp1YW4gUGVyZXoifQ.UpffLD_vSZv4Qu9FRxwpwXA88kux3Gn4uRmOg6k3vKk 
[INFO ] [File Watcher] [19112023 17:15:51] [org.springframework.boot.devtools.autoconfigure.LocalDevToolsAutoConfiguration$RestartingClassPathChangeChangedEventListener[211]] Restarting due to 1 class path change (0 additions, 1 deletion, 0 modifications) 
[INFO ] [Thread-4] [19112023 17:15:51] [org.springframework.orm.jpa.LocalContainerEntityManagerFactoryBean[651]] Closing JPA EntityManagerFactory for persistence unit 'blockbusterp' 
[INFO ] [restartedMain] [19112023 17:15:52] [com.example.modeladov1.Modeladov1Application[55]] Starting Modeladov1Application using Java 20.0.2 on PCANDRES with PID 21096 (C:\Users\andre\OneDrive\Documents\SpringBoot Projects\modeladov1\target\classes started by andre in C:\Users\andre\OneDrive\Documents\SpringBoot Projects\modeladov1) 
[INFO ] [restartedMain] [19112023 17:15:52] [com.example.modeladov1.Modeladov1Application[631]] No active profile set, falling back to 1 default profile: "default" 
[INFO ] [restartedMain] [19112023 17:15:53] [org.springframework.data.repository.config.RepositoryConfigurationDelegate[132]] Bootstrapping Spring Data JPA repositories in DEFAULT mode. 
[INFO ] [restartedMain] [19112023 17:15:53] [org.springframework.data.repository.config.RepositoryConfigurationDelegate[201]] Finished Spring Data repository scanning in 128 ms. Found 18 JPA repository interfaces. 
[INFO ] [restartedMain] [19112023 17:15:54] [org.springframework.boot.web.embedded.tomcat.TomcatWebServer[108]] Tomcat initialized with port(s): 8082 (http) 
[INFO ] [restartedMain] [19112023 17:15:54] [org.springframework.boot.web.servlet.context.ServletWebServerApplicationContext[292]] Root WebApplicationContext: initialization completed in 1994 ms 
[INFO ] [restartedMain] [19112023 17:15:55] [org.springframework.orm.jpa.LocalContainerEntityManagerFactoryBean[437]] Initialized JPA EntityManagerFactory for persistence unit 'blockbusterp' 
[WARN ] [restartedMain] [19112023 17:15:55] [org.springframework.boot.web.servlet.context.AnnotationConfigServletWebServerApplicationContext[591]] Exception encountered during context initialization - cancelling refresh attempt: org.springframework.beans.factory.UnsatisfiedDependencyException: Error creating bean with name 'productoController' defined in file [C:\Users\andre\OneDrive\Documents\SpringBoot Projects\modeladov1\target\classes\com\example\modeladov1\controller\ProductoController.class]: Unsatisfied dependency expressed through constructor parameter 0; nested exception is org.springframework.beans.factory.NoSuchBeanDefinitionException: No qualifying bean of type 'com.example.modeladov1.service.ProductoService' available: expected at least 1 bean which qualifies as autowire candidate. Dependency annotations: {} 
[INFO ] [restartedMain] [19112023 17:15:55] [org.springframework.orm.jpa.LocalContainerEntityManagerFactoryBean[651]] Closing JPA EntityManagerFactory for persistence unit 'blockbusterp' 
[INFO ] [restartedMain] [19112023 17:15:55] [org.springframework.boot.autoconfigure.logging.ConditionEvaluationReportLoggingListener[136]] 

Error starting ApplicationContext. To display the conditions report re-run your application with 'debug' enabled. 
[ERROR] [restartedMain] [19112023 17:15:56] [org.springframework.boot.diagnostics.LoggingFailureAnalysisReporter[40]] 

***************************
APPLICATION FAILED TO START
***************************

Description:

Parameter 0 of constructor in com.example.modeladov1.controller.ProductoController required a bean of type 'com.example.modeladov1.service.ProductoService' that could not be found.


Action:

Consider defining a bean of type 'com.example.modeladov1.service.ProductoService' in your configuration.
 
[INFO ] [restartedMain] [19112023 17:15:57] [com.example.modeladov1.Modeladov1Application[55]] Starting Modeladov1Application using Java 20.0.2 on PCANDRES with PID 21096 (C:\Users\andre\OneDrive\Documents\SpringBoot Projects\modeladov1\target\classes started by andre in C:\Users\andre\OneDrive\Documents\SpringBoot Projects\modeladov1) 
[INFO ] [restartedMain] [19112023 17:15:57] [com.example.modeladov1.Modeladov1Application[631]] No active profile set, falling back to 1 default profile: "default" 
[INFO ] [restartedMain] [19112023 17:15:58] [org.springframework.data.repository.config.RepositoryConfigurationDelegate[132]] Bootstrapping Spring Data JPA repositories in DEFAULT mode. 
[INFO ] [restartedMain] [19112023 17:15:58] [org.springframework.data.repository.config.RepositoryConfigurationDelegate[201]] Finished Spring Data repository scanning in 162 ms. Found 18 JPA repository interfaces. 
[INFO ] [restartedMain] [19112023 17:15:59] [org.springframework.boot.web.embedded.tomcat.TomcatWebServer[108]] Tomcat initialized with port(s): 8082 (http) 
[INFO ] [restartedMain] [19112023 17:15:59] [org.springframework.boot.web.servlet.context.ServletWebServerApplicationContext[292]] Root WebApplicationContext: initialization completed in 1818 ms 
[INFO ] [restartedMain] [19112023 17:16:00] [org.springframework.orm.jpa.LocalContainerEntityManagerFactoryBean[437]] Initialized JPA EntityManagerFactory for persistence unit 'blockbusterp' 
[WARN ] [restartedMain] [19112023 17:16:01] [org.springframework.boot.autoconfigure.orm.jpa.JpaBaseConfiguration$JpaWebConfiguration[223]] spring.jpa.open-in-view is enabled by default. Therefore, database queries may be performed during view rendering. Explicitly configure spring.jpa.open-in-view to disable this warning 
[INFO ] [restartedMain] [19112023 17:16:01] [org.springframework.security.web.DefaultSecurityFilterChain[55]] Will secure any request with [org.springframework.security.web.session.DisableEncodeUrlFilter@a93fec2, org.springframework.security.web.context.request.async.WebAsyncManagerIntegrationFilter@1f7bba4f, org.springframework.security.web.context.SecurityContextPersistenceFilter@6574df88, org.springframework.security.web.header.HeaderWriterFilter@30fe5841, org.springframework.security.web.authentication.logout.LogoutFilter@5ece610a, com.example.modeladov1.security.JWTAuthorizationFilter@30255a38, com.example.modeladov1.security.JWTAuthenticationFilter@1113c970, org.springframework.security.web.authentication.www.BasicAuthenticationFilter@496ac3d6, org.springframework.security.web.savedrequest.RequestCacheAwareFilter@2102b55f, org.springframework.security.web.servletapi.SecurityContextHolderAwareRequestFilter@637ccd6e, org.springframework.security.web.authentication.AnonymousAuthenticationFilter@ef8ccf7, org.springframework.security.web.session.SessionManagementFilter@7587f512, org.springframework.security.web.access.ExceptionTranslationFilter@5953ac3d, org.springframework.security.web.access.intercept.FilterSecurityInterceptor@2f543656] 
[INFO ] [restartedMain] [19112023 17:16:01] [org.springframework.boot.devtools.autoconfigure.OptionalLiveReloadServer[59]] LiveReload server is running on port 35729 
[INFO ] [restartedMain] [19112023 17:16:02] [org.springframework.boot.web.embedded.tomcat.TomcatWebServer[220]] Tomcat started on port(s): 8082 (http) with context path '/blockbuster-wsp' 
[INFO ] [restartedMain] [19112023 17:16:02] [com.example.modeladov1.Modeladov1Application[61]] Started Modeladov1Application in 4.955 seconds (JVM running for 1621.927) 
[INFO ] [restartedMain] [19112023 17:16:02] [org.springframework.boot.devtools.autoconfigure.ConditionEvaluationDeltaLoggingListener[63]] Condition evaluation unchanged 
[INFO ] [SpringApplicationShutdownHook] [19112023 17:25:01] [org.springframework.orm.jpa.LocalContainerEntityManagerFactoryBean[651]] Closing JPA EntityManagerFactory for persistence unit 'blockbusterp' 
